Using pre-set license
Built from '2022.3/staging' branch; Version is '2022.3.27f1 (73effa14754f) revision 7598074'; Using compiler version '192829333'; Build Type 'Release'
OS: 'Windows 11  (10.0.22631) 64bit Professional' Language: 'ko' Physical Memory: 65345 MB
BatchMode: 1, IsHumanControllingUs: 0, StartBugReporterOnCrash: 0, Is64bit: 1, IsPro: 1

COMMAND LINE ARGUMENTS:
C:\Program Files\Unity\Hub\Editor\2022.3.27f1\Editor\Unity.exe
-adb2
-batchMode
-noUpm
-name
AssetImportWorker13
-projectPath
D:/Projects/OSDB/OSDB
-logFile
Logs/AssetImportWorker13.log
-srvPort
14781
Successfully changed project path to: D:/Projects/OSDB/OSDB
D:/Projects/OSDB/OSDB
[UnityMemory] Configuration Parameters - Can be set up in boot.config
    "memorysetup-bucket-allocator-granularity=16"
    "memorysetup-bucket-allocator-bucket-count=8"
    "memorysetup-bucket-allocator-block-size=33554432"
    "memorysetup-bucket-allocator-block-count=8"
    "memorysetup-main-allocator-block-size=16777216"
    "memorysetup-thread-allocator-block-size=16777216"
    "memorysetup-gfx-main-allocator-block-size=16777216"
    "memorysetup-gfx-thread-allocator-block-size=16777216"
    "memorysetup-cache-allocator-block-size=4194304"
    "memorysetup-typetree-allocator-block-size=2097152"
    "memorysetup-profiler-bucket-allocator-granularity=16"
    "memorysetup-profiler-bucket-allocator-bucket-count=8"
    "memorysetup-profiler-bucket-allocator-block-size=33554432"
    "memorysetup-profiler-bucket-allocator-block-count=8"
    "memorysetup-profiler-allocator-block-size=16777216"
    "memorysetup-profiler-editor-allocator-block-size=1048576"
    "memorysetup-temp-allocator-size-main=16777216"
    "memorysetup-job-temp-allocator-block-size=2097152"
    "memorysetup-job-temp-allocator-block-size-background=1048576"
    "memorysetup-job-temp-allocator-reduction-small-platforms=262144"
    "memorysetup-allocator-temp-initial-block-size-main=262144"
    "memorysetup-allocator-temp-initial-block-size-worker=262144"
    "memorysetup-temp-allocator-size-background-worker=32768"
    "memorysetup-temp-allocator-size-job-worker=262144"
    "memorysetup-temp-allocator-size-preload-manager=33554432"
    "memorysetup-temp-allocator-size-nav-mesh-worker=65536"
    "memorysetup-temp-allocator-size-audio-worker=65536"
    "memorysetup-temp-allocator-size-cloud-worker=32768"
    "memorysetup-temp-allocator-size-gi-baking-worker=262144"
    "memorysetup-temp-allocator-size-gfx=262144"
Player connection [33744] Host "[IP] 192.168.0.7 [Port] 0 [Flags] 2 [Guid] 3984594455 [EditorId] 3984594455 [Version] 1048832 [Id] WindowsEditor(7,DESKTOP-UU1F2PM) [Debug] 1 [PackageName] WindowsEditor [ProjectName] Editor" joined multi-casting on [225.0.0.222:54997]...

Player connection [33744] Host "[IP] 192.168.0.7 [Port] 0 [Flags] 2 [Guid] 3984594455 [EditorId] 3984594455 [Version] 1048832 [Id] WindowsEditor(7,DESKTOP-UU1F2PM) [Debug] 1 [PackageName] WindowsEditor [ProjectName] Editor" joined alternative multi-casting on [225.0.0.222:34997]...

[Physics::Module] Initialized MultithreadedJobDispatcher with 19 workers.
Refreshing native plugins compatible for Editor in 4.67 ms, found 5 plugins.
Preloading 0 native plugins for Editor in 0.00 ms.
Initialize engine version: 2022.3.27f1 (73effa14754f)
[Subsystems] Discovering subsystems at path C:/Program Files/Unity/Hub/Editor/2022.3.27f1/Editor/Data/Resources/UnitySubsystems
[Subsystems] Discovering subsystems at path D:/Projects/OSDB/OSDB/Assets
GfxDevice: creating device client; threaded=0; jobified=0
Direct3D:
    Version:  Direct3D 11.0 [level 11.1]
    Renderer: NVIDIA GeForce RTX 3070 (ID=0x2488)
    Vendor:   NVIDIA
    VRAM:     8018 MB
    Driver:   31.0.15.5186
Initialize mono
Mono path[0] = 'C:/Program Files/Unity/Hub/Editor/2022.3.27f1/Editor/Data/Managed'
Mono path[1] = 'C:/Program Files/Unity/Hub/Editor/2022.3.27f1/Editor/Data/MonoBleedingEdge/lib/mono/unityjit-win32'
Mono config path = 'C:/Program Files/Unity/Hub/Editor/2022.3.27f1/Editor/Data/MonoBleedingEdge/etc'
Using monoOptions --debugger-agent=transport=dt_socket,embedding=1,server=y,suspend=n,address=127.0.0.1:56196
Begin MonoManager ReloadAssembly
Registering precompiled unity dll's ...
Register platform support module: C:/Program Files/Unity/Hub/Editor/2022.3.27f1/Editor/Data/PlaybackEngines/AndroidPlayer/UnityEditor.Android.Extensions.dll
Register platform support module: C:/Program Files/Unity/Hub/Editor/2022.3.27f1/Editor/Data/PlaybackEngines/iOSSupport/UnityEditor.iOS.Extensions.dll
Register platform support module: C:/Program Files/Unity/Hub/Editor/2022.3.27f1/Editor/Data/PlaybackEngines/WindowsStandaloneSupport/UnityEditor.WindowsStandalone.Extensions.dll
Registered in 0.004949 seconds.
- Loaded All Assemblies, in  0.260 seconds
Native extension for WindowsStandalone target not found
[usbmuxd] Start listen thread
[usbmuxd] Listen thread started
Native extension for iOS target not found
Native extension for Android target not found
Android Extension - Scanning For ADB Devices 229 ms
Mono: successfully reloaded assembly
- Finished resetting the current domain, in  0.497 seconds
Domain Reload Profiling: 756ms
	BeginReloadAssembly (76ms)
		ExecutionOrderSort (0ms)
		DisableScriptedObjects (0ms)
		BackupInstance (0ms)
		ReleaseScriptingObjects (0ms)
		CreateAndSetChildDomain (1ms)
	RebuildCommonClasses (23ms)
	RebuildNativeTypeToScriptingClass (7ms)
	initialDomainReloadingComplete (42ms)
	LoadAllAssembliesAndSetupDomain (111ms)
		LoadAssemblies (76ms)
		RebuildTransferFunctionScriptingTraits (0ms)
		AnalyzeDomain (109ms)
			TypeCache.Refresh (107ms)
				TypeCache.ScanAssembly (97ms)
			ScanForSourceGeneratedMonoScriptInfo (0ms)
			ResolveRequiredComponents (1ms)
	FinalizeReload (498ms)
		ReleaseScriptCaches (0ms)
		RebuildScriptCaches (0ms)
		SetupLoadedEditorAssemblies (447ms)
			LogAssemblyErrors (0ms)
			InitializePlatformSupportModulesInManaged (323ms)
			SetLoadedEditorAssemblies (4ms)
			RefreshPlugins (0ms)
			BeforeProcessingInitializeOnLoad (1ms)
			ProcessInitializeOnLoadAttributes (80ms)
			ProcessInitializeOnLoadMethodAttributes (39ms)
			AfterProcessingInitializeOnLoad (0ms)
			EditorAssembliesLoaded (0ms)
		ExecutionOrderSort2 (0ms)
		AwakeInstancesAfterBackupRestoration (0ms)
========================================================================
Worker process is ready to serve import requests
Begin MonoManager ReloadAssembly
- Loaded All Assemblies, in  0.462 seconds
Refreshing native plugins compatible for Editor in 1.72 ms, found 5 plugins.
Native extension for WindowsStandalone target not found
Native extension for iOS target not found
Native extension for Android target not found
Package Manager log level set to [2]
[Package Manager] Server::EnsureServerProcessIsRunning -- launch failed, reason: Unity was launched with the -noUpm command-line argument
[Package Manager] UpmClient::Send -- Unable to send message (not connected to UPM process).
[Package Manager] Cannot connect to Unity Package Manager local server
Mono: successfully reloaded assembly
- Finished resetting the current domain, in  0.418 seconds
Domain Reload Profiling: 880ms
	BeginReloadAssembly (119ms)
		ExecutionOrderSort (0ms)
		DisableScriptedObjects (4ms)
		BackupInstance (0ms)
		ReleaseScriptingObjects (0ms)
		CreateAndSetChildDomain (17ms)
	RebuildCommonClasses (23ms)
	RebuildNativeTypeToScriptingClass (7ms)
	initialDomainReloadingComplete (31ms)
	LoadAllAssembliesAndSetupDomain (282ms)
		LoadAssemblies (218ms)
		RebuildTransferFunctionScriptingTraits (0ms)
		AnalyzeDomain (128ms)
			TypeCache.Refresh (108ms)
				TypeCache.ScanAssembly (96ms)
			ScanForSourceGeneratedMonoScriptInfo (14ms)
			ResolveRequiredComponents (4ms)
	FinalizeReload (419ms)
		ReleaseScriptCaches (0ms)
		RebuildScriptCaches (0ms)
		SetupLoadedEditorAssemblies (305ms)
			LogAssemblyErrors (0ms)
			InitializePlatformSupportModulesInManaged (22ms)
			SetLoadedEditorAssemblies (2ms)
			RefreshPlugins (0ms)
			BeforeProcessingInitializeOnLoad (40ms)
			ProcessInitializeOnLoadAttributes (208ms)
			ProcessInitializeOnLoadMethodAttributes (28ms)
			AfterProcessingInitializeOnLoad (4ms)
			EditorAssembliesLoaded (0ms)
		ExecutionOrderSort2 (0ms)
		AwakeInstancesAfterBackupRestoration (5ms)
Launched and connected shader compiler UnityShaderCompiler.exe after 0.04 seconds
Refreshing native plugins compatible for Editor in 1.61 ms, found 5 plugins.
Preloading 0 native plugins for Editor in 0.00 ms.
Unloading 4092 Unused Serialized files (Serialized files now loaded: 0)
Unloading 75 unused Assets / (247.4 KB). Loaded Objects now: 4546.
Memory consumption went from 170.1 MB to 169.8 MB.
Total: 2.575600 ms (FindLiveObjects: 0.202500 ms CreateObjectMapping: 0.100500 ms MarkObjects: 2.091100 ms  DeleteObjects: 0.180800 ms)

AssetImportParameters requested are different than current active one (requested -> active):
  custom:scripting/monoscript/fileName/Alchemist.cs: eef8474b63f91905eaf41739bf3c5072 -> 182ae54d2d2f5a717e099a397bad83ba
  custom:container-demuxer-ogg: 62fdf1f143b41e24485cea50d1cbac27 -> 
  custom:scripting/monoscript/fileName/ServerManager.cs: 09105c06d5edcadce130f72871f6e868 -> 477b443ffd591b9b80b29fb7f48e8918
  custom:scripting/monoscript/fileName/GameManager.cs: f6182d712e34e20e3202214886862cdb -> 9933fbcc6190e2a9171c2ec8808a053e
  custom:scripting/monoscript/fileName/PHPGetServerInfo.cs: cee1c131e7520aed4adb94dfca5fcf1d -> 0576d028e7c79e0cfaa036cdae59c8e1
  custom:video-codec-MediaFoundation-h265: 746d11721c4dcdbdad8f713fa42b33f4 -> 
  custom:scripting/monoscript/fileName/DBController.cs: 835aa35bcc31f5215f9030479b578c5f -> 8a6c56aa21b1245af72473e6439d29b8
  custom:scripting/monoscript/fileName/ServerBtnManager.cs: ecdbdb934e45840a44ddc7186d2c4ff5 -> 
  custom:video-decoder-ogg-theora: a1e56fd34408186e4bbccfd4996cb3dc -> 
  custom:scripting/monoscript/fileName/Barbarian.cs: 06991bdffcd1f5c6acdc3f4a51360a47 -> 89937b1e1d43ea451d0d20a54bafa8a1
  custom:framework-win-MediaFoundation: 216162199b28c13a410421893ffa2e32 -> 
  custom:scripting/monoscript/fileName/Rogue.cs: 2fa4d64265832b9841b08b5076a72c7e -> a8934a011b50cab38862a79d86fe13a3
  custom:scripting/monoscript/fileName/EnemyController.cs: 95cdb6bff3c5e80df3375de5026c231f -> 5b8537652ebdaba4b35050797ce3ce8d
  custom:scripting/monoscript/fileName/StormMage.cs: 5318803ed9e8421082f1b2f84b69e264 -> b5f18c3db5f4071ca5b9e6a80b393e5d
  custom:scripting/monoscript/fileName/PlayerController.cs: 417665ecbc391383b99ee15e672952c9 -> d93a52a180fbbe603a59e9aa6da73c83
  custom:scripting/monoscript/fileName/PHPLogIn.cs: a4e1e3f9e67c8eff3e40e3fdefbf5822 -> 6b516b2c27c727fd11d9dd2409becaa4
  custom:CustomObjectIndexerAttribute: 9a22284fe3817be447336de3de66b15e -> 
  custom:scripting/monoscript/fileName/Scripts.cs: 2abada560274024bf235f99530aa3d0b -> 
  custom:scripting/monoscript/fileName/CharacterSelector_PixelHeroes.cs: ed4e21b0ad1b8205d57253573c596440 -> c9f4ae6961ca104a844443c069acab14
  custom:scripting/monoscript/fileName/Firemage.cs: ed9cd7a1fd67c03eed3726650a17e833 -> 0920a051b17cc5bf2dc7a60e27cabd93
  custom:container-demuxer-webm: 4f35f7cbe854078d1ac9338744f61a02 -> 
  custom:scripting/monoscript/fileName/Mission1.cs: eeceac8fbd244175b7b1b8673327bf5a -> 9b4027609da4ba444d9d4e63a6998188
  custom:scripting/monoscript/fileName/SliderRunTo1.cs: 73c58f101f6e429437bb116db7e05762 -> 
  custom:scripting/monoscript/fileName/Necromancer.cs: 16fcba8c2cf3cb7ea75bacd98afe0f14 -> 86f1a90fc5a182b554f06cf026034568
  custom:scripting/monoscript/fileName/Misssion3.cs: 7337842aeb9cc8b8d3b01d5e4194eea3 -> 530b4bf9a52e881e356eb695cdbdaa0f
  custom:scripting/monoscript/fileName/PHPSelectServer.cs: b977f9aa6a6995b5c4bb8e8c1847d088 -> 418be40fe0cb4655b74f4ea44b412c85
  custom:scripting/monoscript/fileName/JustRotate.cs: ebf81d7fd3895f1b81daf08173d4c810 -> 
  custom:scripting/monoscript/fileName/Misssion2.cs: 501a2934648770e0c87338f256f356b0 -> 91814c463da8aa953c00b4cd886539e5
  custom:scripting/monoscript/fileName/Druid.cs: 5a0d74177fcdfe2037b39e34906e0039 -> 2c3e4eca53f81bf5fcce823b30e9172f
  custom:container-muxer-webm: aa71ff27fc2769a1b78a27578f13a17b -> 
  custom:scripting/monoscript/fileName/MissionController.cs: 8473b4fbe1a4ca3eec2dfb8423bdca9d -> 25e4ed25eb68defa296c7417cc118913
  custom:video-decoder-webm-vp8: 9c59270c3fd7afecdb556c50c9e8de78 -> 
  custom:scripting/monoscript/fileName/BackgoundLoop.cs: 1e9b7603a832b6c99832b025286d304f -> 
  custom:scripting/monoscript/fileName/PHPSelectCharacter.cs: a3a00d07b0bb91f8fd4e9b698e052b5c -> 4dd62c52601f8c3c48ea409747a05007
  custom:scripting/monoscript/fileName/ScrollingObject.cs: 16943453e0c2bcb257511cf44becd66c -> 
  custom:SearchIndexIgnoredProperties: e643bd26f0fe6173181afceb89e7c659 -> 
  custom:AudioImporter_EditorPlatform: d09bf68614088b80899f8185d706f6e7 -> 
  custom:scripting/monoscript/fileName/SliderValuePass.cs: f67912434870cfb9c8b5d2b2b82b5ea9 -> 
  custom:scripting/monoscript/fileName/ColorSwap_PixelHeroes.cs: e4f3ffa9d01c6b2274ab889ba7f8022f -> 266514542c1fe4a7f0594272375a0c64
  custom:scripting/monoscript/fileName/Priest.cs: 63bdf51eb16c85fb4ceec268abd4849c -> 8fa319870fbafe60897a877d121c69b6
  custom:scripting/monoscript/fileName/CircleSlider.cs: 12893e82713c14acb558c638d2bffedb -> 
  custom:video-encoder-webm-vp8: eb34c28f22e8b96e1ab97ce403110664 -> 
  custom:scripting/monoscript/fileName/Warlock.cs: aba8e0992d9ad9081a2449136549e884 -> 9ea707977e2d88dd3d2f79d3e34ad138
  custom:audio-decoder-ogg-vorbis: bf7c407c2cedff20999df2af8eb42d56 -> 
  custom:scripting/monoscript/fileName/Projectile_Rogue.cs: 7d6c2f56b6551b779fb6a24b27cf833f -> 0b0a96822555a0c06d19c056d57c82ba
  custom:scripting/monoscript/fileName/Blademaster.cs: 550a27ea244f2d8a6f13c70fdcebe4cf -> b00cfa2d9af829c79cab520e81f3453b
  custom:scripting/monoscript/fileName/ItemKeeper.cs: 30b477bec02a7733438243c51263eddd -> 0bae6dc56fb0df6948ec0ca9aaa5e819
  custom:scripting/monoscript/fileName/Sensor_PixelHeroes.cs: a29eb414ec78bcf4b6d1acea8ceb3ab2 -> b7649f6ec16221802477386a7b8c1dc4
  custom:audio-encoder-webm-vorbis: bf7c407c2cedff20999df2af8eb42d56 -> 
  custom:scripting/monoscript/fileName/CharacterSlotManager.cs: 8ab7d4a01623f1420a8ec9d026ef9804 -> c25a344abee377b9a422b7a050dd89fd
  custom:scripting/monoscript/fileName/IntroManager.cs: 7e37df1f844066d8f5935cf5432370da -> 6244ce9ac8cc96096ff6dc346f866a1d
========================================================================
Received Prepare
Begin MonoManager ReloadAssembly
- Loaded All Assemblies, in  0.345 seconds
Refreshing native plugins compatible for Editor in 1.82 ms, found 5 plugins.
Native extension for WindowsStandalone target not found
Native extension for iOS target not found
Native extension for Android target not found
[Package Manager] Server::EnsureServerProcessIsRunning -- launch failed, reason: Unity was launched with the -noUpm command-line argument
[Package Manager] UpmClient::Send -- Unable to send message (not connected to UPM process).
[Package Manager] Cannot connect to Unity Package Manager local server
Mono: successfully reloaded assembly
- Finished resetting the current domain, in  0.562 seconds
Domain Reload Profiling: 906ms
	BeginReloadAssembly (134ms)
		ExecutionOrderSort (0ms)
		DisableScriptedObjects (8ms)
		BackupInstance (0ms)
		ReleaseScriptingObjects (0ms)
		CreateAndSetChildDomain (32ms)
	RebuildCommonClasses (21ms)
	RebuildNativeTypeToScriptingClass (7ms)
	initialDomainReloadingComplete (20ms)
	LoadAllAssembliesAndSetupDomain (161ms)
		LoadAssemblies (219ms)
		RebuildTransferFunctionScriptingTraits (0ms)
		AnalyzeDomain (13ms)
			TypeCache.Refresh (6ms)
				TypeCache.ScanAssembly (0ms)
			ScanForSourceGeneratedMonoScriptInfo (0ms)
			ResolveRequiredComponents (5ms)
	FinalizeReload (562ms)
		ReleaseScriptCaches (0ms)
		RebuildScriptCaches (0ms)
		SetupLoadedEditorAssemblies (287ms)
			LogAssemblyErrors (0ms)
			InitializePlatformSupportModulesInManaged (23ms)
			SetLoadedEditorAssemblies (2ms)
			RefreshPlugins (0ms)
			BeforeProcessingInitializeOnLoad (45ms)
			ProcessInitializeOnLoadAttributes (191ms)
			ProcessInitializeOnLoadMethodAttributes (21ms)
			AfterProcessingInitializeOnLoad (4ms)
			EditorAssembliesLoaded (0ms)
		ExecutionOrderSort2 (0ms)
		AwakeInstancesAfterBackupRestoration (8ms)
Refreshing native plugins compatible for Editor in 1.73 ms, found 5 plugins.
Preloading 0 native plugins for Editor in 0.00 ms.
Unloading 4085 Unused Serialized files (Serialized files now loaded: 0)
Unloading 47 unused Assets / (219.4 KB). Loaded Objects now: 4551.
Memory consumption went from 165.5 MB to 165.2 MB.
Total: 2.604100 ms (FindLiveObjects: 0.230700 ms CreateObjectMapping: 0.102000 ms MarkObjects: 2.102100 ms  DeleteObjects: 0.168200 ms)

Prepare: number of updated asset objects reloaded= 0
AssetImportParameters requested are different than current active one (requested -> active):
  custom:scripting/monoscript/fileName/Alchemist.cs: eef8474b63f91905eaf41739bf3c5072 -> 182ae54d2d2f5a717e099a397bad83ba
  custom:container-demuxer-ogg: 62fdf1f143b41e24485cea50d1cbac27 -> 
  custom:scripting/monoscript/fileName/ServerManager.cs: 09105c06d5edcadce130f72871f6e868 -> 477b443ffd591b9b80b29fb7f48e8918
  custom:scripting/monoscript/fileName/GameManager.cs: f6182d712e34e20e3202214886862cdb -> 9933fbcc6190e2a9171c2ec8808a053e
  custom:scripting/monoscript/fileName/PHPGetServerInfo.cs: cee1c131e7520aed4adb94dfca5fcf1d -> 0576d028e7c79e0cfaa036cdae59c8e1
  custom:video-codec-MediaFoundation-h265: 746d11721c4dcdbdad8f713fa42b33f4 -> 
  custom:scripting/monoscript/fileName/DBController.cs: 835aa35bcc31f5215f9030479b578c5f -> 8a6c56aa21b1245af72473e6439d29b8
  custom:scripting/monoscript/fileName/ServerBtnManager.cs: ecdbdb934e45840a44ddc7186d2c4ff5 -> 
  custom:video-decoder-ogg-theora: a1e56fd34408186e4bbccfd4996cb3dc -> 
  custom:scripting/monoscript/fileName/Barbarian.cs: 06991bdffcd1f5c6acdc3f4a51360a47 -> 89937b1e1d43ea451d0d20a54bafa8a1
  custom:framework-win-MediaFoundation: 216162199b28c13a410421893ffa2e32 -> 
  custom:scripting/monoscript/fileName/Rogue.cs: 2fa4d64265832b9841b08b5076a72c7e -> a8934a011b50cab38862a79d86fe13a3
  custom:scripting/monoscript/fileName/EnemyController.cs: 95cdb6bff3c5e80df3375de5026c231f -> 5b8537652ebdaba4b35050797ce3ce8d
  custom:scripting/monoscript/fileName/StormMage.cs: 5318803ed9e8421082f1b2f84b69e264 -> b5f18c3db5f4071ca5b9e6a80b393e5d
  custom:scripting/monoscript/fileName/PlayerController.cs: 417665ecbc391383b99ee15e672952c9 -> d93a52a180fbbe603a59e9aa6da73c83
  custom:scripting/monoscript/fileName/PHPLogIn.cs: a4e1e3f9e67c8eff3e40e3fdefbf5822 -> 6b516b2c27c727fd11d9dd2409becaa4
  custom:CustomObjectIndexerAttribute: 9a22284fe3817be447336de3de66b15e -> 
  custom:scripting/monoscript/fileName/Scripts.cs: 2abada560274024bf235f99530aa3d0b -> 
  custom:scripting/monoscript/fileName/CharacterSelector_PixelHeroes.cs: ed4e21b0ad1b8205d57253573c596440 -> c9f4ae6961ca104a844443c069acab14
  custom:scripting/monoscript/fileName/Firemage.cs: ed9cd7a1fd67c03eed3726650a17e833 -> 0920a051b17cc5bf2dc7a60e27cabd93
  custom:container-demuxer-webm: 4f35f7cbe854078d1ac9338744f61a02 -> 
  custom:scripting/monoscript/fileName/Mission1.cs: eeceac8fbd244175b7b1b8673327bf5a -> 9b4027609da4ba444d9d4e63a6998188
  custom:scripting/monoscript/fileName/SliderRunTo1.cs: 73c58f101f6e429437bb116db7e05762 -> 
  custom:scripting/monoscript/fileName/Necromancer.cs: 16fcba8c2cf3cb7ea75bacd98afe0f14 -> 86f1a90fc5a182b554f06cf026034568
  custom:scripting/monoscript/fileName/Misssion3.cs: 7337842aeb9cc8b8d3b01d5e4194eea3 -> 530b4bf9a52e881e356eb695cdbdaa0f
  custom:scripting/monoscript/fileName/PHPSelectServer.cs: b977f9aa6a6995b5c4bb8e8c1847d088 -> 418be40fe0cb4655b74f4ea44b412c85
  custom:scripting/monoscript/fileName/JustRotate.cs: ebf81d7fd3895f1b81daf08173d4c810 -> 
  custom:scripting/monoscript/fileName/Misssion2.cs: 501a2934648770e0c87338f256f356b0 -> 91814c463da8aa953c00b4cd886539e5
  custom:scripting/monoscript/fileName/Druid.cs: 5a0d74177fcdfe2037b39e34906e0039 -> 2c3e4eca53f81bf5fcce823b30e9172f
  custom:container-muxer-webm: aa71ff27fc2769a1b78a27578f13a17b -> 
  custom:scripting/monoscript/fileName/MissionController.cs: 8473b4fbe1a4ca3eec2dfb8423bdca9d -> 25e4ed25eb68defa296c7417cc118913
  custom:video-decoder-webm-vp8: 9c59270c3fd7afecdb556c50c9e8de78 -> 
  custom:scripting/monoscript/fileName/BackgoundLoop.cs: 1e9b7603a832b6c99832b025286d304f -> 
  custom:scripting/monoscript/fileName/PHPSelectCharacter.cs: a3a00d07b0bb91f8fd4e9b698e052b5c -> 4dd62c52601f8c3c48ea409747a05007
  custom:scripting/monoscript/fileName/ScrollingObject.cs: 16943453e0c2bcb257511cf44becd66c -> 
  custom:SearchIndexIgnoredProperties: e643bd26f0fe6173181afceb89e7c659 -> 
  custom:AudioImporter_EditorPlatform: d09bf68614088b80899f8185d706f6e7 -> 
  custom:scripting/monoscript/fileName/SliderValuePass.cs: f67912434870cfb9c8b5d2b2b82b5ea9 -> 
  custom:scripting/monoscript/fileName/ColorSwap_PixelHeroes.cs: e4f3ffa9d01c6b2274ab889ba7f8022f -> 266514542c1fe4a7f0594272375a0c64
  custom:scripting/monoscript/fileName/Priest.cs: 63bdf51eb16c85fb4ceec268abd4849c -> 8fa319870fbafe60897a877d121c69b6
  custom:scripting/monoscript/fileName/CircleSlider.cs: 12893e82713c14acb558c638d2bffedb -> 
  custom:video-encoder-webm-vp8: eb34c28f22e8b96e1ab97ce403110664 -> 
  custom:scripting/monoscript/fileName/Warlock.cs: aba8e0992d9ad9081a2449136549e884 -> 9ea707977e2d88dd3d2f79d3e34ad138
  custom:audio-decoder-ogg-vorbis: bf7c407c2cedff20999df2af8eb42d56 -> 
  custom:scripting/monoscript/fileName/Projectile_Rogue.cs: 7d6c2f56b6551b779fb6a24b27cf833f -> 0b0a96822555a0c06d19c056d57c82ba
  custom:scripting/monoscript/fileName/Blademaster.cs: 550a27ea244f2d8a6f13c70fdcebe4cf -> b00cfa2d9af829c79cab520e81f3453b
  custom:scripting/monoscript/fileName/ItemKeeper.cs: 30b477bec02a7733438243c51263eddd -> 0bae6dc56fb0df6948ec0ca9aaa5e819
  custom:scripting/monoscript/fileName/Sensor_PixelHeroes.cs: a29eb414ec78bcf4b6d1acea8ceb3ab2 -> b7649f6ec16221802477386a7b8c1dc4
  custom:audio-encoder-webm-vorbis: bf7c407c2cedff20999df2af8eb42d56 -> 
  custom:scripting/monoscript/fileName/CharacterSlotManager.cs: 8ab7d4a01623f1420a8ec9d026ef9804 -> c25a344abee377b9a422b7a050dd89fd
  custom:scripting/monoscript/fileName/IntroManager.cs: 7e37df1f844066d8f5935cf5432370da -> 6244ce9ac8cc96096ff6dc346f866a1d
Editor requested this worker to shutdown with reason: Scaling down because of idle timeout
TcpMessagingSession - receive error: operation aborted. errorcode: 995, details: 스레드 종료 또는 응용 프로그램 요청 때문에 I/O 작업이 취소되었습니다.
AssetImportWorker is now disconnected from the server
Process exiting
Exiting without the bug reporter. Application will terminate with return code 0