Using pre-set license
Built from '2022.3/staging' branch; Version is '2022.3.27f1 (73effa14754f) revision 7598074'; Using compiler version '192829333'; Build Type 'Release'
OS: 'Windows 11  (10.0.22631) 64bit Professional' Language: 'ko' Physical Memory: 65345 MB
BatchMode: 1, IsHumanControllingUs: 0, StartBugReporterOnCrash: 0, Is64bit: 1, IsPro: 1

COMMAND LINE ARGUMENTS:
C:\Program Files\Unity\Hub\Editor\2022.3.27f1\Editor\Unity.exe
-adb2
-batchMode
-noUpm
-name
AssetImportWorker10
-projectPath
D:/Projects/OSDB/OSDB
-logFile
Logs/AssetImportWorker10.log
-srvPort
14781
Successfully changed project path to: D:/Projects/OSDB/OSDB
D:/Projects/OSDB/OSDB
[UnityMemory] Configuration Parameters - Can be set up in boot.config
    "memorysetup-bucket-allocator-granularity=16"
    "memorysetup-bucket-allocator-bucket-count=8"
    "memorysetup-bucket-allocator-block-size=33554432"
    "memorysetup-bucket-allocator-block-count=8"
    "memorysetup-main-allocator-block-size=16777216"
    "memorysetup-thread-allocator-block-size=16777216"
    "memorysetup-gfx-main-allocator-block-size=16777216"
    "memorysetup-gfx-thread-allocator-block-size=16777216"
    "memorysetup-cache-allocator-block-size=4194304"
    "memorysetup-typetree-allocator-block-size=2097152"
    "memorysetup-profiler-bucket-allocator-granularity=16"
    "memorysetup-profiler-bucket-allocator-bucket-count=8"
    "memorysetup-profiler-bucket-allocator-block-size=33554432"
    "memorysetup-profiler-bucket-allocator-block-count=8"
    "memorysetup-profiler-allocator-block-size=16777216"
    "memorysetup-profiler-editor-allocator-block-size=1048576"
    "memorysetup-temp-allocator-size-main=16777216"
    "memorysetup-job-temp-allocator-block-size=2097152"
    "memorysetup-job-temp-allocator-block-size-background=1048576"
    "memorysetup-job-temp-allocator-reduction-small-platforms=262144"
    "memorysetup-allocator-temp-initial-block-size-main=262144"
    "memorysetup-allocator-temp-initial-block-size-worker=262144"
    "memorysetup-temp-allocator-size-background-worker=32768"
    "memorysetup-temp-allocator-size-job-worker=262144"
    "memorysetup-temp-allocator-size-preload-manager=33554432"
    "memorysetup-temp-allocator-size-nav-mesh-worker=65536"
    "memorysetup-temp-allocator-size-audio-worker=65536"
    "memorysetup-temp-allocator-size-cloud-worker=32768"
    "memorysetup-temp-allocator-size-gi-baking-worker=262144"
    "memorysetup-temp-allocator-size-gfx=262144"
Player connection [67848] Host "[IP] 192.168.0.7 [Port] 0 [Flags] 2 [Guid] 910967605 [EditorId] 910967605 [Version] 1048832 [Id] WindowsEditor(7,DESKTOP-UU1F2PM) [Debug] 1 [PackageName] WindowsEditor [ProjectName] Editor" joined multi-casting on [225.0.0.222:54997]...

Player connection [67848] Host "[IP] 192.168.0.7 [Port] 0 [Flags] 2 [Guid] 910967605 [EditorId] 910967605 [Version] 1048832 [Id] WindowsEditor(7,DESKTOP-UU1F2PM) [Debug] 1 [PackageName] WindowsEditor [ProjectName] Editor" joined alternative multi-casting on [225.0.0.222:34997]...

[Physics::Module] Initialized MultithreadedJobDispatcher with 19 workers.
Refreshing native plugins compatible for Editor in 5.67 ms, found 5 plugins.
Preloading 0 native plugins for Editor in 0.00 ms.
Initialize engine version: 2022.3.27f1 (73effa14754f)
[Subsystems] Discovering subsystems at path C:/Program Files/Unity/Hub/Editor/2022.3.27f1/Editor/Data/Resources/UnitySubsystems
[Subsystems] Discovering subsystems at path D:/Projects/OSDB/OSDB/Assets
GfxDevice: creating device client; threaded=0; jobified=0
Direct3D:
    Version:  Direct3D 11.0 [level 11.1]
    Renderer: NVIDIA GeForce RTX 3070 (ID=0x2488)
    Vendor:   NVIDIA
    VRAM:     8018 MB
    Driver:   31.0.15.5186
Initialize mono
Mono path[0] = 'C:/Program Files/Unity/Hub/Editor/2022.3.27f1/Editor/Data/Managed'
Mono path[1] = 'C:/Program Files/Unity/Hub/Editor/2022.3.27f1/Editor/Data/MonoBleedingEdge/lib/mono/unityjit-win32'
Mono config path = 'C:/Program Files/Unity/Hub/Editor/2022.3.27f1/Editor/Data/MonoBleedingEdge/etc'
Using monoOptions --debugger-agent=transport=dt_socket,embedding=1,server=y,suspend=n,address=127.0.0.1:56204
Begin MonoManager ReloadAssembly
Registering precompiled unity dll's ...
Register platform support module: C:/Program Files/Unity/Hub/Editor/2022.3.27f1/Editor/Data/PlaybackEngines/AndroidPlayer/UnityEditor.Android.Extensions.dll
Register platform support module: C:/Program Files/Unity/Hub/Editor/2022.3.27f1/Editor/Data/PlaybackEngines/iOSSupport/UnityEditor.iOS.Extensions.dll
Register platform support module: C:/Program Files/Unity/Hub/Editor/2022.3.27f1/Editor/Data/PlaybackEngines/WindowsStandaloneSupport/UnityEditor.WindowsStandalone.Extensions.dll
Registered in 0.005026 seconds.
- Loaded All Assemblies, in  0.256 seconds
Native extension for WindowsStandalone target not found
[usbmuxd] Start listen thread
[usbmuxd] Listen thread started
Native extension for iOS target not found
Native extension for Android target not found
Android Extension - Scanning For ADB Devices 223 ms
Mono: successfully reloaded assembly
- Finished resetting the current domain, in  0.468 seconds
Domain Reload Profiling: 724ms
	BeginReloadAssembly (78ms)
		ExecutionOrderSort (0ms)
		DisableScriptedObjects (0ms)
		BackupInstance (0ms)
		ReleaseScriptingObjects (0ms)
		CreateAndSetChildDomain (1ms)
	RebuildCommonClasses (24ms)
	RebuildNativeTypeToScriptingClass (7ms)
	initialDomainReloadingComplete (41ms)
	LoadAllAssembliesAndSetupDomain (106ms)
		LoadAssemblies (77ms)
		RebuildTransferFunctionScriptingTraits (0ms)
		AnalyzeDomain (104ms)
			TypeCache.Refresh (103ms)
				TypeCache.ScanAssembly (92ms)
			ScanForSourceGeneratedMonoScriptInfo (0ms)
			ResolveRequiredComponents (0ms)
	FinalizeReload (469ms)
		ReleaseScriptCaches (0ms)
		RebuildScriptCaches (0ms)
		SetupLoadedEditorAssemblies (427ms)
			LogAssemblyErrors (0ms)
			InitializePlatformSupportModulesInManaged (310ms)
			SetLoadedEditorAssemblies (3ms)
			RefreshPlugins (0ms)
			BeforeProcessingInitializeOnLoad (2ms)
			ProcessInitializeOnLoadAttributes (80ms)
			ProcessInitializeOnLoadMethodAttributes (32ms)
			AfterProcessingInitializeOnLoad (0ms)
			EditorAssembliesLoaded (0ms)
		ExecutionOrderSort2 (0ms)
		AwakeInstancesAfterBackupRestoration (0ms)
========================================================================
Worker process is ready to serve import requests
Begin MonoManager ReloadAssembly
- Loaded All Assemblies, in  0.454 seconds
Refreshing native plugins compatible for Editor in 2.30 ms, found 5 plugins.
Native extension for WindowsStandalone target not found
Native extension for iOS target not found
Native extension for Android target not found
Package Manager log level set to [2]
[Package Manager] Server::EnsureServerProcessIsRunning -- launch failed, reason: Unity was launched with the -noUpm command-line argument
[Package Manager] UpmClient::Send -- Unable to send message (not connected to UPM process).
[Package Manager] Cannot connect to Unity Package Manager local server
Mono: successfully reloaded assembly
- Finished resetting the current domain, in  0.474 seconds
Domain Reload Profiling: 927ms
	BeginReloadAssembly (104ms)
		ExecutionOrderSort (0ms)
		DisableScriptedObjects (4ms)
		BackupInstance (0ms)
		ReleaseScriptingObjects (0ms)
		CreateAndSetChildDomain (17ms)
	RebuildCommonClasses (22ms)
	RebuildNativeTypeToScriptingClass (7ms)
	initialDomainReloadingComplete (29ms)
	LoadAllAssembliesAndSetupDomain (291ms)
		LoadAssemblies (212ms)
		RebuildTransferFunctionScriptingTraits (0ms)
		AnalyzeDomain (138ms)
			TypeCache.Refresh (114ms)
				TypeCache.ScanAssembly (98ms)
			ScanForSourceGeneratedMonoScriptInfo (15ms)
			ResolveRequiredComponents (8ms)
	FinalizeReload (475ms)
		ReleaseScriptCaches (0ms)
		RebuildScriptCaches (0ms)
		SetupLoadedEditorAssemblies (345ms)
			LogAssemblyErrors (0ms)
			InitializePlatformSupportModulesInManaged (26ms)
			SetLoadedEditorAssemblies (3ms)
			RefreshPlugins (0ms)
			BeforeProcessingInitializeOnLoad (45ms)
			ProcessInitializeOnLoadAttributes (239ms)
			ProcessInitializeOnLoadMethodAttributes (28ms)
			AfterProcessingInitializeOnLoad (4ms)
			EditorAssembliesLoaded (0ms)
		ExecutionOrderSort2 (0ms)
		AwakeInstancesAfterBackupRestoration (4ms)
Launched and connected shader compiler UnityShaderCompiler.exe after 0.04 seconds
Refreshing native plugins compatible for Editor in 1.80 ms, found 5 plugins.
Preloading 0 native plugins for Editor in 0.00 ms.
Unloading 4092 Unused Serialized files (Serialized files now loaded: 0)
Unloading 75 unused Assets / (247.0 KB). Loaded Objects now: 4546.
Memory consumption went from 170.1 MB to 169.8 MB.
Total: 2.672100 ms (FindLiveObjects: 0.290800 ms CreateObjectMapping: 0.129700 ms MarkObjects: 2.066100 ms  DeleteObjects: 0.184700 ms)

AssetImportParameters requested are different than current active one (requested -> active):
  custom:scripting/monoscript/fileName/Alchemist.cs: eef8474b63f91905eaf41739bf3c5072 -> 182ae54d2d2f5a717e099a397bad83ba
  custom:container-demuxer-ogg: 62fdf1f143b41e24485cea50d1cbac27 -> 
  custom:scripting/monoscript/fileName/ServerManager.cs: 09105c06d5edcadce130f72871f6e868 -> 477b443ffd591b9b80b29fb7f48e8918
  custom:scripting/monoscript/fileName/GameManager.cs: f6182d712e34e20e3202214886862cdb -> 9933fbcc6190e2a9171c2ec8808a053e
  custom:scripting/monoscript/fileName/PHPGetServerInfo.cs: cee1c131e7520aed4adb94dfca5fcf1d -> 0576d028e7c79e0cfaa036cdae59c8e1
  custom:video-codec-MediaFoundation-h265: 746d11721c4dcdbdad8f713fa42b33f4 -> 
  custom:scripting/monoscript/fileName/DBController.cs: 835aa35bcc31f5215f9030479b578c5f -> 8a6c56aa21b1245af72473e6439d29b8
  custom:scripting/monoscript/fileName/ServerBtnManager.cs: ecdbdb934e45840a44ddc7186d2c4ff5 -> 
  custom:video-decoder-ogg-theora: a1e56fd34408186e4bbccfd4996cb3dc -> 
  custom:scripting/monoscript/fileName/Barbarian.cs: 06991bdffcd1f5c6acdc3f4a51360a47 -> 89937b1e1d43ea451d0d20a54bafa8a1
  custom:framework-win-MediaFoundation: 216162199b28c13a410421893ffa2e32 -> 
  custom:scripting/monoscript/fileName/Rogue.cs: 2fa4d64265832b9841b08b5076a72c7e -> a8934a011b50cab38862a79d86fe13a3
  custom:scripting/monoscript/fileName/EnemyController.cs: 95cdb6bff3c5e80df3375de5026c231f -> 5b8537652ebdaba4b35050797ce3ce8d
  custom:scripting/monoscript/fileName/StormMage.cs: 5318803ed9e8421082f1b2f84b69e264 -> b5f18c3db5f4071ca5b9e6a80b393e5d
  custom:scripting/monoscript/fileName/PlayerController.cs: 417665ecbc391383b99ee15e672952c9 -> d93a52a180fbbe603a59e9aa6da73c83
  custom:scripting/monoscript/fileName/PHPLogIn.cs: a4e1e3f9e67c8eff3e40e3fdefbf5822 -> 6b516b2c27c727fd11d9dd2409becaa4
  custom:CustomObjectIndexerAttribute: 9a22284fe3817be447336de3de66b15e -> 
  custom:scripting/monoscript/fileName/Scripts.cs: 2abada560274024bf235f99530aa3d0b -> 
  custom:scripting/monoscript/fileName/CharacterSelector_PixelHeroes.cs: ed4e21b0ad1b8205d57253573c596440 -> c9f4ae6961ca104a844443c069acab14
  custom:scripting/monoscript/fileName/Firemage.cs: ed9cd7a1fd67c03eed3726650a17e833 -> 0920a051b17cc5bf2dc7a60e27cabd93
  custom:container-demuxer-webm: 4f35f7cbe854078d1ac9338744f61a02 -> 
  custom:scripting/monoscript/fileName/Mission1.cs: eeceac8fbd244175b7b1b8673327bf5a -> 9b4027609da4ba444d9d4e63a6998188
  custom:scripting/monoscript/fileName/SliderRunTo1.cs: 73c58f101f6e429437bb116db7e05762 -> 
  custom:scripting/monoscript/fileName/Necromancer.cs: 16fcba8c2cf3cb7ea75bacd98afe0f14 -> 86f1a90fc5a182b554f06cf026034568
  custom:scripting/monoscript/fileName/Misssion3.cs: 7337842aeb9cc8b8d3b01d5e4194eea3 -> 530b4bf9a52e881e356eb695cdbdaa0f
  custom:scripting/monoscript/fileName/PHPSelectServer.cs: b977f9aa6a6995b5c4bb8e8c1847d088 -> 418be40fe0cb4655b74f4ea44b412c85
  custom:scripting/monoscript/fileName/JustRotate.cs: ebf81d7fd3895f1b81daf08173d4c810 -> 
  custom:scripting/monoscript/fileName/Misssion2.cs: 501a2934648770e0c87338f256f356b0 -> 91814c463da8aa953c00b4cd886539e5
  custom:scripting/monoscript/fileName/Druid.cs: 5a0d74177fcdfe2037b39e34906e0039 -> 2c3e4eca53f81bf5fcce823b30e9172f
  custom:container-muxer-webm: aa71ff27fc2769a1b78a27578f13a17b -> 
  custom:scripting/monoscript/fileName/MissionController.cs: 8473b4fbe1a4ca3eec2dfb8423bdca9d -> 25e4ed25eb68defa296c7417cc118913
  custom:video-decoder-webm-vp8: 9c59270c3fd7afecdb556c50c9e8de78 -> 
  custom:scripting/monoscript/fileName/BackgoundLoop.cs: 1e9b7603a832b6c99832b025286d304f -> 
  custom:scripting/monoscript/fileName/PHPSelectCharacter.cs: a3a00d07b0bb91f8fd4e9b698e052b5c -> 4dd62c52601f8c3c48ea409747a05007
  custom:scripting/monoscript/fileName/ScrollingObject.cs: 16943453e0c2bcb257511cf44becd66c -> 
  custom:SearchIndexIgnoredProperties: e643bd26f0fe6173181afceb89e7c659 -> 
  custom:AudioImporter_EditorPlatform: d09bf68614088b80899f8185d706f6e7 -> 
  custom:scripting/monoscript/fileName/SliderValuePass.cs: f67912434870cfb9c8b5d2b2b82b5ea9 -> 
  custom:scripting/monoscript/fileName/ColorSwap_PixelHeroes.cs: e4f3ffa9d01c6b2274ab889ba7f8022f -> 266514542c1fe4a7f0594272375a0c64
  custom:scripting/monoscript/fileName/Priest.cs: 63bdf51eb16c85fb4ceec268abd4849c -> 8fa319870fbafe60897a877d121c69b6
  custom:scripting/monoscript/fileName/CircleSlider.cs: 12893e82713c14acb558c638d2bffedb -> 
  custom:video-encoder-webm-vp8: eb34c28f22e8b96e1ab97ce403110664 -> 
  custom:scripting/monoscript/fileName/Warlock.cs: aba8e0992d9ad9081a2449136549e884 -> 9ea707977e2d88dd3d2f79d3e34ad138
  custom:audio-decoder-ogg-vorbis: bf7c407c2cedff20999df2af8eb42d56 -> 
  custom:scripting/monoscript/fileName/Projectile_Rogue.cs: 7d6c2f56b6551b779fb6a24b27cf833f -> 0b0a96822555a0c06d19c056d57c82ba
  custom:scripting/monoscript/fileName/Blademaster.cs: 550a27ea244f2d8a6f13c70fdcebe4cf -> b00cfa2d9af829c79cab520e81f3453b
  custom:scripting/monoscript/fileName/ItemKeeper.cs: 30b477bec02a7733438243c51263eddd -> 0bae6dc56fb0df6948ec0ca9aaa5e819
  custom:scripting/monoscript/fileName/Sensor_PixelHeroes.cs: a29eb414ec78bcf4b6d1acea8ceb3ab2 -> b7649f6ec16221802477386a7b8c1dc4
  custom:audio-encoder-webm-vorbis: bf7c407c2cedff20999df2af8eb42d56 -> 
  custom:scripting/monoscript/fileName/CharacterSlotManager.cs: 8ab7d4a01623f1420a8ec9d026ef9804 -> c25a344abee377b9a422b7a050dd89fd
  custom:scripting/monoscript/fileName/IntroManager.cs: 7e37df1f844066d8f5935cf5432370da -> 6244ce9ac8cc96096ff6dc346f866a1d
========================================================================
Received Import Request.
  Time since last request: 149020.739828 seconds.
  path: Assets/package/2. Sprites
  artifactKey: Guid(277f0b5a4325a0a45b896348a3a47f38) Importer(815301076,1909f56bfc062723c751e8b465ee728b)
Start importing Assets/package/2. Sprites using Guid(277f0b5a4325a0a45b896348a3a47f38) Importer(815301076,1909f56bfc062723c751e8b465ee728b)  -> (artifact id: 'e776b3b2cac96e0279e65bef891c4a82') in 0.003211 seconds
Number of updated asset objects reloaded before import = 0
Number of asset objects unloaded after import = 0
========================================================================
Received Import Request.
  Time since last request: 1.505645 seconds.
  path: Assets/package/Casual Music Pack
  artifactKey: Guid(4820f1fd98d89f540b3738fc50aaa0be) Importer(815301076,1909f56bfc062723c751e8b465ee728b)
Start importing Assets/package/Casual Music Pack using Guid(4820f1fd98d89f540b3738fc50aaa0be) Importer(815301076,1909f56bfc062723c751e8b465ee728b)  -> (artifact id: '1412cfbf1f63a59856da46d1b5ca596f') in 0.000428 seconds
Number of updated asset objects reloaded before import = 0
Number of asset objects unloaded after import = 0
========================================================================
Received Import Request.
  Time since last request: 0.542241 seconds.
  path: Assets/package/ElvGames
  artifactKey: Guid(8b2b59d8d645d7348a0dd5f30e20f736) Importer(815301076,1909f56bfc062723c751e8b465ee728b)
Start importing Assets/package/ElvGames using Guid(8b2b59d8d645d7348a0dd5f30e20f736) Importer(815301076,1909f56bfc062723c751e8b465ee728b)  -> (artifact id: 'fa2dc81fd81d665e41710cb57551cf73') in 0.000379 seconds
Number of updated asset objects reloaded before import = 0
Number of asset objects unloaded after import = 0
========================================================================
Received Import Request.
  Time since last request: 24.448005 seconds.
  path: Assets/package/Pixel Heroes Pack
  artifactKey: Guid(c84cbf9a120b9dd4e92e776752cccc2c) Importer(815301076,1909f56bfc062723c751e8b465ee728b)
Start importing Assets/package/Pixel Heroes Pack using Guid(c84cbf9a120b9dd4e92e776752cccc2c) Importer(815301076,1909f56bfc062723c751e8b465ee728b)  -> (artifact id: 'f9f061f1b3fd99ab0e41959babcae01a') in 0.000371 seconds
Number of updated asset objects reloaded before import = 0
Number of asset objects unloaded after import = 0
========================================================================
Received Import Request.
  Time since last request: 16.750442 seconds.
  path: Assets/package/Enemy
  artifactKey: Guid(e3d506f3f4a5a6745a2b2f754411ac4b) Importer(815301076,1909f56bfc062723c751e8b465ee728b)
Start importing Assets/package/Enemy using Guid(e3d506f3f4a5a6745a2b2f754411ac4b) Importer(815301076,1909f56bfc062723c751e8b465ee728b)  -> (artifact id: '3ef829fa7b91e24a3b4d8e94773def92') in 0.000384 seconds
Number of updated asset objects reloaded before import = 0
Number of asset objects unloaded after import = 0
========================================================================
Received Import Request.
  Time since last request: 41.718566 seconds.
  path: Assets/SPUM
  artifactKey: Guid(255b281c3ec7f3244869427529acea96) Importer(815301076,1909f56bfc062723c751e8b465ee728b)
Start importing Assets/SPUM using Guid(255b281c3ec7f3244869427529acea96) Importer(815301076,1909f56bfc062723c751e8b465ee728b)  -> (artifact id: '2e4ae3c5c7d650d7c0476bcc84dd27f2') in 0.000393 seconds
Number of updated asset objects reloaded before import = 0
Number of asset objects unloaded after import = 0
========================================================================
Received Import Request.
  Time since last request: 0.351848 seconds.
  path: Assets/Tiles
  artifactKey: Guid(ea8e338aaafc976459c96485736cd80a) Importer(815301076,1909f56bfc062723c751e8b465ee728b)
Start importing Assets/Tiles using Guid(ea8e338aaafc976459c96485736cd80a) Importer(815301076,1909f56bfc062723c751e8b465ee728b)  -> (artifact id: '03d5b0d4f051e9cc17268e20fc58d99e') in 0.000384 seconds
Number of updated asset objects reloaded before import = 0
Number of asset objects unloaded after import = 0
========================================================================
Received Import Request.
  Time since last request: 0.401424 seconds.
  path: Assets/UI
  artifactKey: Guid(23098ef48d2142a47a55b01945e04752) Importer(815301076,1909f56bfc062723c751e8b465ee728b)
Start importing Assets/UI using Guid(23098ef48d2142a47a55b01945e04752) Importer(815301076,1909f56bfc062723c751e8b465ee728b)  -> (artifact id: '1fb53c8973ab3c66a757764c21ca9992') in 0.000358 seconds
Number of updated asset objects reloaded before import = 0
Number of asset objects unloaded after import = 0
========================================================================
Received Import Request.
  Time since last request: 104.790167 seconds.
  path: Assets/package/Casual Music Pack/Ambience/Amb Beach 1.wav
  artifactKey: Guid(b3411f8054509044c95923ab0a015a1b) Importer(815301076,1909f56bfc062723c751e8b465ee728b)
Start importing Assets/package/Casual Music Pack/Ambience/Amb Beach 1.wav using Guid(b3411f8054509044c95923ab0a015a1b) Importer(815301076,1909f56bfc062723c751e8b465ee728b)  -> (artifact id: '51582a73906e6d6bdb9a18e6df9fee30') in 0.153930 seconds
Number of updated asset objects reloaded before import = 0
Number of asset objects unloaded after import = 2
========================================================================
Received Import Request.
  Time since last request: 0.000017 seconds.
  path: Assets/package/Casual Music Pack/Ambience/Amb Library.wav
  artifactKey: Guid(18a46cc3e6299cc409b68de6ffbf5e0a) Importer(815301076,1909f56bfc062723c751e8b465ee728b)
Start importing Assets/package/Casual Music Pack/Ambience/Amb Library.wav using Guid(18a46cc3e6299cc409b68de6ffbf5e0a) Importer(815301076,1909f56bfc062723c751e8b465ee728b)  -> (artifact id: 'd07c96986657a452a829cf3fc23ea459') in 0.383141 seconds
Number of updated asset objects reloaded before import = 0
Number of asset objects unloaded after import = 2
========================================================================
Received Import Request.
  Time since last request: 0.000027 seconds.
  path: Assets/package/Casual Music Pack/Ambience/Amb City 3.wav
  artifactKey: Guid(c769fa160dc809c47b5ab9ec7e499a38) Importer(815301076,1909f56bfc062723c751e8b465ee728b)
Start importing Assets/package/Casual Music Pack/Ambience/Amb City 3.wav using Guid(c769fa160dc809c47b5ab9ec7e499a38) Importer(815301076,1909f56bfc062723c751e8b465ee728b)  -> (artifact id: 'd25112faeba1254d694a7e66f45487e1') in 0.177425 seconds
Number of updated asset objects reloaded before import = 0
Number of asset objects unloaded after import = 2
========================================================================
Received Import Request.
  Time since last request: 0.000020 seconds.
  path: Assets/package/Casual Music Pack/Ambience/Amb City 2.wav
  artifactKey: Guid(b4b39c2d1cf3fed4e84d41f3ca411729) Importer(815301076,1909f56bfc062723c751e8b465ee728b)
Start importing Assets/package/Casual Music Pack/Ambience/Amb City 2.wav using Guid(b4b39c2d1cf3fed4e84d41f3ca411729) Importer(815301076,1909f56bfc062723c751e8b465ee728b)  -> (artifact id: '5e5b8e4dc3bcd976b4f3ea9b4c83dbae') in 0.114395 seconds
Number of updated asset objects reloaded before import = 0
Number of asset objects unloaded after import = 2
========================================================================
Received Import Request.
  Time since last request: 0.637910 seconds.
  path: Assets/package/Casual Music Pack/Ambience/Amb Park 2.wav
  artifactKey: Guid(c7e76cec637a82f4685f90c1d96aa521) Importer(815301076,1909f56bfc062723c751e8b465ee728b)
Start importing Assets/package/Casual Music Pack/Ambience/Amb Park 2.wav using Guid(c7e76cec637a82f4685f90c1d96aa521) Importer(815301076,1909f56bfc062723c751e8b465ee728b)  -> (artifact id: '8e698ff435ddf16cc790077e58029277') in 0.275875 seconds
Number of updated asset objects reloaded before import = 0
Number of asset objects unloaded after import = 2
========================================================================
Received Import Request.
  Time since last request: 0.000018 seconds.
  path: Assets/package/Casual Music Pack/Sound Effects/Cash Register.wav
  artifactKey: Guid(3581101cd18d34940aa72fa5220515c7) Importer(815301076,1909f56bfc062723c751e8b465ee728b)
Start importing Assets/package/Casual Music Pack/Sound Effects/Cash Register.wav using Guid(3581101cd18d34940aa72fa5220515c7) Importer(815301076,1909f56bfc062723c751e8b465ee728b)  -> (artifact id: '4252d42781732ba6e8c1f7e47f12aae5') in 0.019603 seconds
Number of updated asset objects reloaded before import = 0
Number of asset objects unloaded after import = 2
========================================================================
Received Import Request.
  Time since last request: 0.000028 seconds.
  path: Assets/package/Casual Music Pack/Sound Effects/Book Page (1).wav
  artifactKey: Guid(bca529243eea41144ae3fc52ebeb8e07) Importer(815301076,1909f56bfc062723c751e8b465ee728b)
Start importing Assets/package/Casual Music Pack/Sound Effects/Book Page (1).wav using Guid(bca529243eea41144ae3fc52ebeb8e07) Importer(815301076,1909f56bfc062723c751e8b465ee728b)  -> (artifact id: 'a5d58c085abc15d5e3a1f9f688e21840') in 0.017032 seconds
Number of updated asset objects reloaded before import = 0
Number of asset objects unloaded after import = 2
========================================================================
Received Import Request.
  Time since last request: 2.295974 seconds.
  path: Assets/package/Casual Music Pack/Music Loops/Casual Game Music 01.wav
  artifactKey: Guid(49f69c43507231944a32b21084b8dd3c) Importer(815301076,1909f56bfc062723c751e8b465ee728b)
Start importing Assets/package/Casual Music Pack/Music Loops/Casual Game Music 01.wav using Guid(49f69c43507231944a32b21084b8dd3c) Importer(815301076,1909f56bfc062723c751e8b465ee728b)  -> (artifact id: 'd2ac96ee6bfcf2b17123b96a339a1876') in 0.323571 seconds
Number of updated asset objects reloaded before import = 0
Number of asset objects unloaded after import = 2
========================================================================
Received Import Request.
  Time since last request: 0.000018 seconds.
  path: Assets/package/Casual Music Pack/Sound Effects/Prize Wheel Spin 2 Reward.wav
  artifactKey: Guid(fd57e0caacaa6474e9834c86a877baab) Importer(815301076,1909f56bfc062723c751e8b465ee728b)
Start importing Assets/package/Casual Music Pack/Sound Effects/Prize Wheel Spin 2 Reward.wav using Guid(fd57e0caacaa6474e9834c86a877baab) Importer(815301076,1909f56bfc062723c751e8b465ee728b)  -> (artifact id: '692789bdc428768fdbae09b3e041ebf3') in 0.015696 seconds
Number of updated asset objects reloaded before import = 0
Number of asset objects unloaded after import = 2
========================================================================
Received Import Request.
  Time since last request: 0.000030 seconds.
  path: Assets/package/Casual Music Pack/Sound Effects/Coins (23).wav
  artifactKey: Guid(688a6d76d95a8524ebd3f1ffacb05fc2) Importer(815301076,1909f56bfc062723c751e8b465ee728b)
Start importing Assets/package/Casual Music Pack/Sound Effects/Coins (23).wav using Guid(688a6d76d95a8524ebd3f1ffacb05fc2) Importer(815301076,1909f56bfc062723c751e8b465ee728b)  -> (artifact id: 'b2de1ef0c4e02832a524d7c9c279205d') in 0.018358 seconds
Number of updated asset objects reloaded before import = 0
Number of asset objects unloaded after import = 2
========================================================================
Received Import Request.
  Time since last request: 0.000024 seconds.
  path: Assets/package/Casual Music Pack/Jingles/Positive 7.wav
  artifactKey: Guid(2dba7d45256d4ed4187283d46f3a6bac) Importer(815301076,1909f56bfc062723c751e8b465ee728b)
Start importing Assets/package/Casual Music Pack/Jingles/Positive 7.wav using Guid(2dba7d45256d4ed4187283d46f3a6bac) Importer(815301076,1909f56bfc062723c751e8b465ee728b)  -> (artifact id: '682454a882458914c6b5af6ba424e950') in 0.033316 seconds
Number of updated asset objects reloaded before import = 0
Number of asset objects unloaded after import = 2
========================================================================
Received Import Request.
  Time since last request: 0.000032 seconds.
  path: Assets/package/Casual Music Pack/Jingles/Negative 3.wav
  artifactKey: Guid(1ea61eb40a800694d84f6c9e740324d4) Importer(815301076,1909f56bfc062723c751e8b465ee728b)
Start importing Assets/package/Casual Music Pack/Jingles/Negative 3.wav using Guid(1ea61eb40a800694d84f6c9e740324d4) Importer(815301076,1909f56bfc062723c751e8b465ee728b)  -> (artifact id: 'd3c8c8c38ceabc7fd9cc9861548735af') in 0.028952 seconds
Number of updated asset objects reloaded before import = 0
Number of asset objects unloaded after import = 2
========================================================================
Received Import Request.
  Time since last request: 0.000019 seconds.
  path: Assets/package/Casual Music Pack/Sound Effects/Coins (8).wav
  artifactKey: Guid(53b7d106320607f439eeb49e3554fc2f) Importer(815301076,1909f56bfc062723c751e8b465ee728b)
Start importing Assets/package/Casual Music Pack/Sound Effects/Coins (8).wav using Guid(53b7d106320607f439eeb49e3554fc2f) Importer(815301076,1909f56bfc062723c751e8b465ee728b)  -> (artifact id: 'a5c8122dae23f9c7b3c9240d78f1d0fa') in 0.014916 seconds
Number of updated asset objects reloaded before import = 0
Number of asset objects unloaded after import = 2
========================================================================
Received Import Request.
  Time since last request: 0.000019 seconds.
  path: Assets/package/Casual Music Pack/Music Loops/Casual Game Music 09.wav
  artifactKey: Guid(8e923a5f39865d04aa115c6f6ef90054) Importer(815301076,1909f56bfc062723c751e8b465ee728b)
Start importing Assets/package/Casual Music Pack/Music Loops/Casual Game Music 09.wav using Guid(8e923a5f39865d04aa115c6f6ef90054) Importer(815301076,1909f56bfc062723c751e8b465ee728b)  -> (artifact id: '1a982d6266113ed452c9fa9323b264de') in 0.268454 seconds
Number of updated asset objects reloaded before import = 0
Number of asset objects unloaded after import = 2
========================================================================
Received Import Request.
  Time since last request: 0.000019 seconds.
  path: Assets/package/Casual Music Pack/Sound Effects/Countdown (1).wav
  artifactKey: Guid(941edfa9852c6884c88b913cb37d77c7) Importer(815301076,1909f56bfc062723c751e8b465ee728b)
Start importing Assets/package/Casual Music Pack/Sound Effects/Countdown (1).wav using Guid(941edfa9852c6884c88b913cb37d77c7) Importer(815301076,1909f56bfc062723c751e8b465ee728b)  -> (artifact id: '32b7a5029d9c7ef9afa2ceb963cab5d2') in 0.018304 seconds
Number of updated asset objects reloaded before import = 0
Number of asset objects unloaded after import = 2
========================================================================
Received Import Request.
  Time since last request: 0.000029 seconds.
  path: Assets/package/Casual Music Pack/Jingles/Positive 9.wav
  artifactKey: Guid(f2550f92922d74248922d6184f32f68c) Importer(815301076,1909f56bfc062723c751e8b465ee728b)
Start importing Assets/package/Casual Music Pack/Jingles/Positive 9.wav using Guid(f2550f92922d74248922d6184f32f68c) Importer(815301076,1909f56bfc062723c751e8b465ee728b)  -> (artifact id: 'bd2bf47374a5dded1f0b9073d630afbc') in 0.027233 seconds
Number of updated asset objects reloaded before import = 0
Number of asset objects unloaded after import = 2
========================================================================
Received Import Request.
  Time since last request: 0.000018 seconds.
  path: Assets/package/Casual Music Pack/Music Loops/Casual Game Music 12.wav
  artifactKey: Guid(d5157a76d8d203a4d8c06bf81fd4f77d) Importer(815301076,1909f56bfc062723c751e8b465ee728b)
Start importing Assets/package/Casual Music Pack/Music Loops/Casual Game Music 12.wav using Guid(d5157a76d8d203a4d8c06bf81fd4f77d) Importer(815301076,1909f56bfc062723c751e8b465ee728b)  -> (artifact id: '28208b02d2251373f6d39f2c4a15c6fd') in 0.326731 seconds
Number of updated asset objects reloaded before import = 0
Number of asset objects unloaded after import = 2
========================================================================
Received Import Request.
  Time since last request: 0.000018 seconds.
  path: Assets/package/Casual Music Pack/Sound Effects/Coins (22).wav
  artifactKey: Guid(b046bb3b94d95d040989420e332a758e) Importer(815301076,1909f56bfc062723c751e8b465ee728b)
Start importing Assets/package/Casual Music Pack/Sound Effects/Coins (22).wav using Guid(b046bb3b94d95d040989420e332a758e) Importer(815301076,1909f56bfc062723c751e8b465ee728b)  -> (artifact id: 'b0cb65bece5e2e5548c96f3ebd43180a') in 0.017299 seconds
Number of updated asset objects reloaded before import = 0
Number of asset objects unloaded after import = 2
========================================================================
Received Import Request.
  Time since last request: 0.000023 seconds.
  path: Assets/package/Casual Music Pack/Music Loops/Casual Game Music 06.wav
  artifactKey: Guid(905b69dcf180f544d8bc986b69f5b122) Importer(815301076,1909f56bfc062723c751e8b465ee728b)
Start importing Assets/package/Casual Music Pack/Music Loops/Casual Game Music 06.wav using Guid(905b69dcf180f544d8bc986b69f5b122) Importer(815301076,1909f56bfc062723c751e8b465ee728b)  -> (artifact id: '85b4cb983481013dd97c86fa5941ef58') in 0.419081 seconds
Number of updated asset objects reloaded before import = 0
Number of asset objects unloaded after import = 2
========================================================================
Received Import Request.
  Time since last request: 0.000016 seconds.
  path: Assets/package/Casual Music Pack/Music Loops/Casual Game Music 19.wav
  artifactKey: Guid(963cbd39a67fab046b354d20208b75b6) Importer(815301076,1909f56bfc062723c751e8b465ee728b)
Start importing Assets/package/Casual Music Pack/Music Loops/Casual Game Music 19.wav using Guid(963cbd39a67fab046b354d20208b75b6) Importer(815301076,1909f56bfc062723c751e8b465ee728b)  -> (artifact id: '8e01644bb3f7d5a8e4fc0914fb563d3b') in 0.270720 seconds
Number of updated asset objects reloaded before import = 0
Number of asset objects unloaded after import = 2
========================================================================
Received Import Request.
  Time since last request: 0.000023 seconds.
  path: Assets/package/Casual Music Pack/Music Loops/Casual Game Music 17.wav
  artifactKey: Guid(e90d3f290a7649846a41627926023f1f) Importer(815301076,1909f56bfc062723c751e8b465ee728b)
Start importing Assets/package/Casual Music Pack/Music Loops/Casual Game Music 17.wav using Guid(e90d3f290a7649846a41627926023f1f) Importer(815301076,1909f56bfc062723c751e8b465ee728b)  -> (artifact id: 'bb6138f8b10078e1709d3f439769453e') in 0.224104 seconds
Number of updated asset objects reloaded before import = 0
Number of asset objects unloaded after import = 2
========================================================================
Received Import Request.
  Time since last request: 0.000026 seconds.
  path: Assets/package/Casual Music Pack/Sound Effects/Pop (3).wav
  artifactKey: Guid(9ad0bf29e95214440a2a873b2f5a5375) Importer(815301076,1909f56bfc062723c751e8b465ee728b)
Start importing Assets/package/Casual Music Pack/Sound Effects/Pop (3).wav using Guid(9ad0bf29e95214440a2a873b2f5a5375) Importer(815301076,1909f56bfc062723c751e8b465ee728b)  -> (artifact id: '95f92e7c86ba07e05d452220c1e7df22') in 0.012198 seconds
Number of updated asset objects reloaded before import = 0
Number of asset objects unloaded after import = 2
========================================================================
Received Import Request.
  Time since last request: 0.000027 seconds.
  path: Assets/package/Casual Music Pack/Jingles/Positive 10.wav
  artifactKey: Guid(f5b1a259960fac04188a5d6f4a88fb41) Importer(815301076,1909f56bfc062723c751e8b465ee728b)
Start importing Assets/package/Casual Music Pack/Jingles/Positive 10.wav using Guid(f5b1a259960fac04188a5d6f4a88fb41) Importer(815301076,1909f56bfc062723c751e8b465ee728b)  -> (artifact id: 'e92a2426f44fa6f00846e42d36eaefdf') in 0.023461 seconds
Number of updated asset objects reloaded before import = 0
Number of asset objects unloaded after import = 2
========================================================================
Received Import Request.
  Time since last request: 0.000016 seconds.
  path: Assets/package/Casual Music Pack/Jingles/Negative 4.wav
  artifactKey: Guid(6e110cfc2e52ffd4f998055f05d421d8) Importer(815301076,1909f56bfc062723c751e8b465ee728b)
Start importing Assets/package/Casual Music Pack/Jingles/Negative 4.wav using Guid(6e110cfc2e52ffd4f998055f05d421d8) Importer(815301076,1909f56bfc062723c751e8b465ee728b)  -> (artifact id: '24de6ecc3597ae8fda5e7ed065baf404') in 0.022218 seconds
Number of updated asset objects reloaded before import = 0
Number of asset objects unloaded after import = 2
========================================================================
Received Import Request.
  Time since last request: 0.000017 seconds.
  path: Assets/package/Casual Music Pack/Jingles/Negative 1.wav
  artifactKey: Guid(93d0992bb42d01b48a2bcdea7f9e0e10) Importer(815301076,1909f56bfc062723c751e8b465ee728b)
Start importing Assets/package/Casual Music Pack/Jingles/Negative 1.wav using Guid(93d0992bb42d01b48a2bcdea7f9e0e10) Importer(815301076,1909f56bfc062723c751e8b465ee728b)  -> (artifact id: 'b3601557eef0bf05b608a38ad663d9d7') in 0.039319 seconds
Number of updated asset objects reloaded before import = 0
Number of asset objects unloaded after import = 2
========================================================================
Received Prepare
Begin MonoManager ReloadAssembly
- Loaded All Assemblies, in  0.352 seconds
Refreshing native plugins compatible for Editor in 1.85 ms, found 5 plugins.
Native extension for WindowsStandalone target not found
Native extension for iOS target not found
Native extension for Android target not found
[Package Manager] Server::EnsureServerProcessIsRunning -- launch failed, reason: Unity was launched with the -noUpm command-line argument
[Package Manager] UpmClient::Send -- Unable to send message (not connected to UPM process).
[Package Manager] Cannot connect to Unity Package Manager local server
Mono: successfully reloaded assembly
- Finished resetting the current domain, in  0.593 seconds
Domain Reload Profiling: 944ms
	BeginReloadAssembly (128ms)
		ExecutionOrderSort (0ms)
		DisableScriptedObjects (7ms)
		BackupInstance (0ms)
		ReleaseScriptingObjects (0ms)
		CreateAndSetChildDomain (32ms)
	RebuildCommonClasses (30ms)
	RebuildNativeTypeToScriptingClass (7ms)
	initialDomainReloadingComplete (19ms)
	LoadAllAssembliesAndSetupDomain (167ms)
		LoadAssemblies (215ms)
		RebuildTransferFunctionScriptingTraits (0ms)
		AnalyzeDomain (12ms)
			TypeCache.Refresh (6ms)
				TypeCache.ScanAssembly (0ms)
			ScanForSourceGeneratedMonoScriptInfo (0ms)
			ResolveRequiredComponents (5ms)
	FinalizeReload (593ms)
		ReleaseScriptCaches (0ms)
		RebuildScriptCaches (0ms)
		SetupLoadedEditorAssemblies (311ms)
			LogAssemblyErrors (0ms)
			InitializePlatformSupportModulesInManaged (31ms)
			SetLoadedEditorAssemblies (4ms)
			RefreshPlugins (0ms)
			BeforeProcessingInitializeOnLoad (49ms)
			ProcessInitializeOnLoadAttributes (202ms)
			ProcessInitializeOnLoadMethodAttributes (22ms)
			AfterProcessingInitializeOnLoad (3ms)
			EditorAssembliesLoaded (0ms)
		ExecutionOrderSort2 (0ms)
		AwakeInstancesAfterBackupRestoration (8ms)
Refreshing native plugins compatible for Editor in 1.63 ms, found 5 plugins.
Preloading 0 native plugins for Editor in 0.00 ms.
Unloading 4084 Unused Serialized files (Serialized files now loaded: 0)
Unloading 47 unused Assets / (219.1 KB). Loaded Objects now: 4560.
Memory consumption went from 164.4 MB to 164.2 MB.
Total: 2.649800 ms (FindLiveObjects: 0.217700 ms CreateObjectMapping: 0.107600 ms MarkObjects: 2.176700 ms  DeleteObjects: 0.147100 ms)

Prepare: number of updated asset objects reloaded= 0
AssetImportParameters requested are different than current active one (requested -> active):
  custom:scripting/monoscript/fileName/Alchemist.cs: eef8474b63f91905eaf41739bf3c5072 -> 182ae54d2d2f5a717e099a397bad83ba
  custom:container-demuxer-ogg: 62fdf1f143b41e24485cea50d1cbac27 -> 
  custom:scripting/monoscript/fileName/ServerManager.cs: 09105c06d5edcadce130f72871f6e868 -> 477b443ffd591b9b80b29fb7f48e8918
  custom:scripting/monoscript/fileName/GameManager.cs: f6182d712e34e20e3202214886862cdb -> 9933fbcc6190e2a9171c2ec8808a053e
  custom:scripting/monoscript/fileName/PHPGetServerInfo.cs: cee1c131e7520aed4adb94dfca5fcf1d -> 0576d028e7c79e0cfaa036cdae59c8e1
  custom:video-codec-MediaFoundation-h265: 746d11721c4dcdbdad8f713fa42b33f4 -> 
  custom:scripting/monoscript/fileName/DBController.cs: 835aa35bcc31f5215f9030479b578c5f -> 8a6c56aa21b1245af72473e6439d29b8
  custom:scripting/monoscript/fileName/ServerBtnManager.cs: ecdbdb934e45840a44ddc7186d2c4ff5 -> 
  custom:video-decoder-ogg-theora: a1e56fd34408186e4bbccfd4996cb3dc -> 
  custom:scripting/monoscript/fileName/Barbarian.cs: 06991bdffcd1f5c6acdc3f4a51360a47 -> 89937b1e1d43ea451d0d20a54bafa8a1
  custom:framework-win-MediaFoundation: 216162199b28c13a410421893ffa2e32 -> 
  custom:scripting/monoscript/fileName/Rogue.cs: 2fa4d64265832b9841b08b5076a72c7e -> a8934a011b50cab38862a79d86fe13a3
  custom:scripting/monoscript/fileName/EnemyController.cs: 95cdb6bff3c5e80df3375de5026c231f -> 5b8537652ebdaba4b35050797ce3ce8d
  custom:scripting/monoscript/fileName/StormMage.cs: 5318803ed9e8421082f1b2f84b69e264 -> b5f18c3db5f4071ca5b9e6a80b393e5d
  custom:scripting/monoscript/fileName/PlayerController.cs: 417665ecbc391383b99ee15e672952c9 -> d93a52a180fbbe603a59e9aa6da73c83
  custom:scripting/monoscript/fileName/PHPLogIn.cs: a4e1e3f9e67c8eff3e40e3fdefbf5822 -> 6b516b2c27c727fd11d9dd2409becaa4
  custom:CustomObjectIndexerAttribute: 9a22284fe3817be447336de3de66b15e -> 
  custom:scripting/monoscript/fileName/Scripts.cs: 2abada560274024bf235f99530aa3d0b -> 
  custom:scripting/monoscript/fileName/CharacterSelector_PixelHeroes.cs: ed4e21b0ad1b8205d57253573c596440 -> c9f4ae6961ca104a844443c069acab14
  custom:scripting/monoscript/fileName/Firemage.cs: ed9cd7a1fd67c03eed3726650a17e833 -> 0920a051b17cc5bf2dc7a60e27cabd93
  custom:container-demuxer-webm: 4f35f7cbe854078d1ac9338744f61a02 -> 
  custom:scripting/monoscript/fileName/Mission1.cs: eeceac8fbd244175b7b1b8673327bf5a -> 9b4027609da4ba444d9d4e63a6998188
  custom:scripting/monoscript/fileName/SliderRunTo1.cs: 73c58f101f6e429437bb116db7e05762 -> 
  custom:scripting/monoscript/fileName/Necromancer.cs: 16fcba8c2cf3cb7ea75bacd98afe0f14 -> 86f1a90fc5a182b554f06cf026034568
  custom:scripting/monoscript/fileName/Misssion3.cs: 7337842aeb9cc8b8d3b01d5e4194eea3 -> 530b4bf9a52e881e356eb695cdbdaa0f
  custom:scripting/monoscript/fileName/PHPSelectServer.cs: b977f9aa6a6995b5c4bb8e8c1847d088 -> 418be40fe0cb4655b74f4ea44b412c85
  custom:scripting/monoscript/fileName/JustRotate.cs: ebf81d7fd3895f1b81daf08173d4c810 -> 
  custom:scripting/monoscript/fileName/Misssion2.cs: 501a2934648770e0c87338f256f356b0 -> 91814c463da8aa953c00b4cd886539e5
  custom:scripting/monoscript/fileName/Druid.cs: 5a0d74177fcdfe2037b39e34906e0039 -> 2c3e4eca53f81bf5fcce823b30e9172f
  custom:container-muxer-webm: aa71ff27fc2769a1b78a27578f13a17b -> 
  custom:scripting/monoscript/fileName/MissionController.cs: 8473b4fbe1a4ca3eec2dfb8423bdca9d -> 25e4ed25eb68defa296c7417cc118913
  custom:video-decoder-webm-vp8: 9c59270c3fd7afecdb556c50c9e8de78 -> 
  custom:scripting/monoscript/fileName/BackgoundLoop.cs: 1e9b7603a832b6c99832b025286d304f -> 
  custom:scripting/monoscript/fileName/PHPSelectCharacter.cs: a3a00d07b0bb91f8fd4e9b698e052b5c -> 4dd62c52601f8c3c48ea409747a05007
  custom:scripting/monoscript/fileName/ScrollingObject.cs: 16943453e0c2bcb257511cf44becd66c -> 
  custom:SearchIndexIgnoredProperties: e643bd26f0fe6173181afceb89e7c659 -> 
  custom:AudioImporter_EditorPlatform: d09bf68614088b80899f8185d706f6e7 -> 
  custom:scripting/monoscript/fileName/SliderValuePass.cs: f67912434870cfb9c8b5d2b2b82b5ea9 -> 
  custom:scripting/monoscript/fileName/ColorSwap_PixelHeroes.cs: e4f3ffa9d01c6b2274ab889ba7f8022f -> 266514542c1fe4a7f0594272375a0c64
  custom:scripting/monoscript/fileName/Priest.cs: 63bdf51eb16c85fb4ceec268abd4849c -> 8fa319870fbafe60897a877d121c69b6
  custom:scripting/monoscript/fileName/CircleSlider.cs: 12893e82713c14acb558c638d2bffedb -> 
  custom:video-encoder-webm-vp8: eb34c28f22e8b96e1ab97ce403110664 -> 
  custom:scripting/monoscript/fileName/Warlock.cs: aba8e0992d9ad9081a2449136549e884 -> 9ea707977e2d88dd3d2f79d3e34ad138
  custom:audio-decoder-ogg-vorbis: bf7c407c2cedff20999df2af8eb42d56 -> 
  custom:scripting/monoscript/fileName/Projectile_Rogue.cs: 7d6c2f56b6551b779fb6a24b27cf833f -> 0b0a96822555a0c06d19c056d57c82ba
  custom:scripting/monoscript/fileName/Blademaster.cs: 550a27ea244f2d8a6f13c70fdcebe4cf -> b00cfa2d9af829c79cab520e81f3453b
  custom:scripting/monoscript/fileName/ItemKeeper.cs: 30b477bec02a7733438243c51263eddd -> 0bae6dc56fb0df6948ec0ca9aaa5e819
  custom:scripting/monoscript/fileName/Sensor_PixelHeroes.cs: a29eb414ec78bcf4b6d1acea8ceb3ab2 -> b7649f6ec16221802477386a7b8c1dc4
  custom:audio-encoder-webm-vorbis: bf7c407c2cedff20999df2af8eb42d56 -> 
  custom:scripting/monoscript/fileName/CharacterSlotManager.cs: 8ab7d4a01623f1420a8ec9d026ef9804 -> c25a344abee377b9a422b7a050dd89fd
  custom:scripting/monoscript/fileName/IntroManager.cs: 7e37df1f844066d8f5935cf5432370da -> 6244ce9ac8cc96096ff6dc346f866a1d
Editor requested this worker to shutdown with reason: Scaling down because of idle timeout
TcpMessagingSession - receive error: operation aborted. errorcode: 995, details: 스레드 종료 또는 응용 프로그램 요청 때문에 I/O 작업이 취소되었습니다.
AssetImportWorker is now disconnected from the server
Process exiting
Exiting without the bug reporter. Application will terminate with return code 0