Using pre-set license
Built from '2022.3/staging' branch; Version is '2022.3.27f1 (73effa14754f) revision 7598074'; Using compiler version '192829333'; Build Type 'Release'
OS: 'Windows 11  (10.0.22631) 64bit Professional' Language: 'ko' Physical Memory: 65345 MB
BatchMode: 1, IsHumanControllingUs: 0, StartBugReporterOnCrash: 0, Is64bit: 1, IsPro: 1

COMMAND LINE ARGUMENTS:
C:\Program Files\Unity\Hub\Editor\2022.3.27f1\Editor\Unity.exe
-adb2
-batchMode
-noUpm
-name
AssetImportWorker11
-projectPath
D:/Projects/OSDB/OSDB
-logFile
Logs/AssetImportWorker11.log
-srvPort
14781
Successfully changed project path to: D:/Projects/OSDB/OSDB
D:/Projects/OSDB/OSDB
[UnityMemory] Configuration Parameters - Can be set up in boot.config
    "memorysetup-bucket-allocator-granularity=16"
    "memorysetup-bucket-allocator-bucket-count=8"
    "memorysetup-bucket-allocator-block-size=33554432"
    "memorysetup-bucket-allocator-block-count=8"
    "memorysetup-main-allocator-block-size=16777216"
    "memorysetup-thread-allocator-block-size=16777216"
    "memorysetup-gfx-main-allocator-block-size=16777216"
    "memorysetup-gfx-thread-allocator-block-size=16777216"
    "memorysetup-cache-allocator-block-size=4194304"
    "memorysetup-typetree-allocator-block-size=2097152"
    "memorysetup-profiler-bucket-allocator-granularity=16"
    "memorysetup-profiler-bucket-allocator-bucket-count=8"
    "memorysetup-profiler-bucket-allocator-block-size=33554432"
    "memorysetup-profiler-bucket-allocator-block-count=8"
    "memorysetup-profiler-allocator-block-size=16777216"
    "memorysetup-profiler-editor-allocator-block-size=1048576"
    "memorysetup-temp-allocator-size-main=16777216"
    "memorysetup-job-temp-allocator-block-size=2097152"
    "memorysetup-job-temp-allocator-block-size-background=1048576"
    "memorysetup-job-temp-allocator-reduction-small-platforms=262144"
    "memorysetup-allocator-temp-initial-block-size-main=262144"
    "memorysetup-allocator-temp-initial-block-size-worker=262144"
    "memorysetup-temp-allocator-size-background-worker=32768"
    "memorysetup-temp-allocator-size-job-worker=262144"
    "memorysetup-temp-allocator-size-preload-manager=33554432"
    "memorysetup-temp-allocator-size-nav-mesh-worker=65536"
    "memorysetup-temp-allocator-size-audio-worker=65536"
    "memorysetup-temp-allocator-size-cloud-worker=32768"
    "memorysetup-temp-allocator-size-gi-baking-worker=262144"
    "memorysetup-temp-allocator-size-gfx=262144"
Player connection [36660] Host "[IP] 192.168.0.7 [Port] 0 [Flags] 2 [Guid] 3174500568 [EditorId] 3174500568 [Version] 1048832 [Id] WindowsEditor(7,DESKTOP-UU1F2PM) [Debug] 1 [PackageName] WindowsEditor [ProjectName] Editor" joined multi-casting on [225.0.0.222:54997]...

Player connection [36660] Host "[IP] 192.168.0.7 [Port] 0 [Flags] 2 [Guid] 3174500568 [EditorId] 3174500568 [Version] 1048832 [Id] WindowsEditor(7,DESKTOP-UU1F2PM) [Debug] 1 [PackageName] WindowsEditor [ProjectName] Editor" joined alternative multi-casting on [225.0.0.222:34997]...

[Physics::Module] Initialized MultithreadedJobDispatcher with 19 workers.
Refreshing native plugins compatible for Editor in 5.20 ms, found 5 plugins.
Preloading 0 native plugins for Editor in 0.00 ms.
Initialize engine version: 2022.3.27f1 (73effa14754f)
[Subsystems] Discovering subsystems at path C:/Program Files/Unity/Hub/Editor/2022.3.27f1/Editor/Data/Resources/UnitySubsystems
[Subsystems] Discovering subsystems at path D:/Projects/OSDB/OSDB/Assets
GfxDevice: creating device client; threaded=0; jobified=0
Direct3D:
    Version:  Direct3D 11.0 [level 11.1]
    Renderer: NVIDIA GeForce RTX 3070 (ID=0x2488)
    Vendor:   NVIDIA
    VRAM:     8018 MB
    Driver:   31.0.15.5186
Initialize mono
Mono path[0] = 'C:/Program Files/Unity/Hub/Editor/2022.3.27f1/Editor/Data/Managed'
Mono path[1] = 'C:/Program Files/Unity/Hub/Editor/2022.3.27f1/Editor/Data/MonoBleedingEdge/lib/mono/unityjit-win32'
Mono config path = 'C:/Program Files/Unity/Hub/Editor/2022.3.27f1/Editor/Data/MonoBleedingEdge/etc'
Using monoOptions --debugger-agent=transport=dt_socket,embedding=1,server=y,suspend=n,address=127.0.0.1:56216
Begin MonoManager ReloadAssembly
Registering precompiled unity dll's ...
Register platform support module: C:/Program Files/Unity/Hub/Editor/2022.3.27f1/Editor/Data/PlaybackEngines/AndroidPlayer/UnityEditor.Android.Extensions.dll
Register platform support module: C:/Program Files/Unity/Hub/Editor/2022.3.27f1/Editor/Data/PlaybackEngines/iOSSupport/UnityEditor.iOS.Extensions.dll
Register platform support module: C:/Program Files/Unity/Hub/Editor/2022.3.27f1/Editor/Data/PlaybackEngines/WindowsStandaloneSupport/UnityEditor.WindowsStandalone.Extensions.dll
Registered in 0.004924 seconds.
- Loaded All Assemblies, in  0.253 seconds
Native extension for WindowsStandalone target not found
[usbmuxd] Start listen thread
[usbmuxd] Listen thread started
Native extension for iOS target not found
Native extension for Android target not found
Android Extension - Scanning For ADB Devices 2200 ms
Mono: successfully reloaded assembly
- Finished resetting the current domain, in  2.429 seconds
Domain Reload Profiling: 2681ms
	BeginReloadAssembly (73ms)
		ExecutionOrderSort (0ms)
		DisableScriptedObjects (0ms)
		BackupInstance (0ms)
		ReleaseScriptingObjects (0ms)
		CreateAndSetChildDomain (1ms)
	RebuildCommonClasses (26ms)
	RebuildNativeTypeToScriptingClass (7ms)
	initialDomainReloadingComplete (41ms)
	LoadAllAssembliesAndSetupDomain (105ms)
		LoadAssemblies (73ms)
		RebuildTransferFunctionScriptingTraits (0ms)
		AnalyzeDomain (103ms)
			TypeCache.Refresh (102ms)
				TypeCache.ScanAssembly (92ms)
			ScanForSourceGeneratedMonoScriptInfo (0ms)
			ResolveRequiredComponents (0ms)
	FinalizeReload (2429ms)
		ReleaseScriptCaches (0ms)
		RebuildScriptCaches (0ms)
		SetupLoadedEditorAssemblies (2383ms)
			LogAssemblyErrors (0ms)
			InitializePlatformSupportModulesInManaged (2278ms)
			SetLoadedEditorAssemblies (3ms)
			RefreshPlugins (0ms)
			BeforeProcessingInitializeOnLoad (1ms)
			ProcessInitializeOnLoadAttributes (72ms)
			ProcessInitializeOnLoadMethodAttributes (29ms)
			AfterProcessingInitializeOnLoad (0ms)
			EditorAssembliesLoaded (0ms)
		ExecutionOrderSort2 (0ms)
		AwakeInstancesAfterBackupRestoration (0ms)
========================================================================
Worker process is ready to serve import requests
Begin MonoManager ReloadAssembly
- Loaded All Assemblies, in  0.426 seconds
Refreshing native plugins compatible for Editor in 2.04 ms, found 5 plugins.
Native extension for WindowsStandalone target not found
Native extension for iOS target not found
Native extension for Android target not found
Package Manager log level set to [2]
[Package Manager] Server::EnsureServerProcessIsRunning -- launch failed, reason: Unity was launched with the -noUpm command-line argument
[Package Manager] UpmClient::Send -- Unable to send message (not connected to UPM process).
[Package Manager] Cannot connect to Unity Package Manager local server
Mono: successfully reloaded assembly
- Finished resetting the current domain, in  0.495 seconds
Domain Reload Profiling: 921ms
	BeginReloadAssembly (99ms)
		ExecutionOrderSort (0ms)
		DisableScriptedObjects (4ms)
		BackupInstance (0ms)
		ReleaseScriptingObjects (0ms)
		CreateAndSetChildDomain (16ms)
	RebuildCommonClasses (20ms)
	RebuildNativeTypeToScriptingClass (12ms)
	initialDomainReloadingComplete (27ms)
	LoadAllAssembliesAndSetupDomain (267ms)
		LoadAssemblies (199ms)
		RebuildTransferFunctionScriptingTraits (0ms)
		AnalyzeDomain (125ms)
			TypeCache.Refresh (100ms)
				TypeCache.ScanAssembly (88ms)
			ScanForSourceGeneratedMonoScriptInfo (16ms)
			ResolveRequiredComponents (8ms)
	FinalizeReload (496ms)
		ReleaseScriptCaches (0ms)
		RebuildScriptCaches (0ms)
		SetupLoadedEditorAssemblies (377ms)
			LogAssemblyErrors (0ms)
			InitializePlatformSupportModulesInManaged (30ms)
			SetLoadedEditorAssemblies (4ms)
			RefreshPlugins (0ms)
			BeforeProcessingInitializeOnLoad (52ms)
			ProcessInitializeOnLoadAttributes (255ms)
			ProcessInitializeOnLoadMethodAttributes (33ms)
			AfterProcessingInitializeOnLoad (3ms)
			EditorAssembliesLoaded (0ms)
		ExecutionOrderSort2 (0ms)
		AwakeInstancesAfterBackupRestoration (4ms)
Launched and connected shader compiler UnityShaderCompiler.exe after 0.06 seconds
Refreshing native plugins compatible for Editor in 1.66 ms, found 5 plugins.
Preloading 0 native plugins for Editor in 0.00 ms.
Unloading 4092 Unused Serialized files (Serialized files now loaded: 0)
Unloading 75 unused Assets / (247.3 KB). Loaded Objects now: 4546.
Memory consumption went from 170.1 MB to 169.8 MB.
Total: 3.041300 ms (FindLiveObjects: 0.246000 ms CreateObjectMapping: 0.134100 ms MarkObjects: 2.404100 ms  DeleteObjects: 0.256300 ms)

AssetImportParameters requested are different than current active one (requested -> active):
  custom:scripting/monoscript/fileName/Alchemist.cs: eef8474b63f91905eaf41739bf3c5072 -> 182ae54d2d2f5a717e099a397bad83ba
  custom:container-demuxer-ogg: 62fdf1f143b41e24485cea50d1cbac27 -> 
  custom:scripting/monoscript/fileName/ServerManager.cs: 09105c06d5edcadce130f72871f6e868 -> 477b443ffd591b9b80b29fb7f48e8918
  custom:scripting/monoscript/fileName/GameManager.cs: f6182d712e34e20e3202214886862cdb -> 9933fbcc6190e2a9171c2ec8808a053e
  custom:scripting/monoscript/fileName/PHPGetServerInfo.cs: cee1c131e7520aed4adb94dfca5fcf1d -> 0576d028e7c79e0cfaa036cdae59c8e1
  custom:video-codec-MediaFoundation-h265: 746d11721c4dcdbdad8f713fa42b33f4 -> 
  custom:scripting/monoscript/fileName/DBController.cs: 835aa35bcc31f5215f9030479b578c5f -> 8a6c56aa21b1245af72473e6439d29b8
  custom:scripting/monoscript/fileName/ServerBtnManager.cs: ecdbdb934e45840a44ddc7186d2c4ff5 -> 
  custom:video-decoder-ogg-theora: a1e56fd34408186e4bbccfd4996cb3dc -> 
  custom:scripting/monoscript/fileName/Barbarian.cs: 06991bdffcd1f5c6acdc3f4a51360a47 -> 89937b1e1d43ea451d0d20a54bafa8a1
  custom:framework-win-MediaFoundation: 216162199b28c13a410421893ffa2e32 -> 
  custom:scripting/monoscript/fileName/Rogue.cs: 2fa4d64265832b9841b08b5076a72c7e -> a8934a011b50cab38862a79d86fe13a3
  custom:scripting/monoscript/fileName/EnemyController.cs: 95cdb6bff3c5e80df3375de5026c231f -> 5b8537652ebdaba4b35050797ce3ce8d
  custom:scripting/monoscript/fileName/StormMage.cs: 5318803ed9e8421082f1b2f84b69e264 -> b5f18c3db5f4071ca5b9e6a80b393e5d
  custom:scripting/monoscript/fileName/PlayerController.cs: 417665ecbc391383b99ee15e672952c9 -> d93a52a180fbbe603a59e9aa6da73c83
  custom:scripting/monoscript/fileName/PHPLogIn.cs: a4e1e3f9e67c8eff3e40e3fdefbf5822 -> 6b516b2c27c727fd11d9dd2409becaa4
  custom:CustomObjectIndexerAttribute: 9a22284fe3817be447336de3de66b15e -> 
  custom:scripting/monoscript/fileName/Scripts.cs: 2abada560274024bf235f99530aa3d0b -> 
  custom:scripting/monoscript/fileName/CharacterSelector_PixelHeroes.cs: ed4e21b0ad1b8205d57253573c596440 -> c9f4ae6961ca104a844443c069acab14
  custom:scripting/monoscript/fileName/Firemage.cs: ed9cd7a1fd67c03eed3726650a17e833 -> 0920a051b17cc5bf2dc7a60e27cabd93
  custom:container-demuxer-webm: 4f35f7cbe854078d1ac9338744f61a02 -> 
  custom:scripting/monoscript/fileName/Mission1.cs: eeceac8fbd244175b7b1b8673327bf5a -> 9b4027609da4ba444d9d4e63a6998188
  custom:scripting/monoscript/fileName/SliderRunTo1.cs: 73c58f101f6e429437bb116db7e05762 -> 
  custom:scripting/monoscript/fileName/Necromancer.cs: 16fcba8c2cf3cb7ea75bacd98afe0f14 -> 86f1a90fc5a182b554f06cf026034568
  custom:scripting/monoscript/fileName/Misssion3.cs: 7337842aeb9cc8b8d3b01d5e4194eea3 -> 530b4bf9a52e881e356eb695cdbdaa0f
  custom:scripting/monoscript/fileName/PHPSelectServer.cs: b977f9aa6a6995b5c4bb8e8c1847d088 -> 418be40fe0cb4655b74f4ea44b412c85
  custom:scripting/monoscript/fileName/JustRotate.cs: ebf81d7fd3895f1b81daf08173d4c810 -> 
  custom:scripting/monoscript/fileName/Misssion2.cs: 501a2934648770e0c87338f256f356b0 -> 91814c463da8aa953c00b4cd886539e5
  custom:scripting/monoscript/fileName/Druid.cs: 5a0d74177fcdfe2037b39e34906e0039 -> 2c3e4eca53f81bf5fcce823b30e9172f
  custom:container-muxer-webm: aa71ff27fc2769a1b78a27578f13a17b -> 
  custom:scripting/monoscript/fileName/MissionController.cs: 8473b4fbe1a4ca3eec2dfb8423bdca9d -> 25e4ed25eb68defa296c7417cc118913
  custom:video-decoder-webm-vp8: 9c59270c3fd7afecdb556c50c9e8de78 -> 
  custom:scripting/monoscript/fileName/BackgoundLoop.cs: 1e9b7603a832b6c99832b025286d304f -> 
  custom:scripting/monoscript/fileName/PHPSelectCharacter.cs: a3a00d07b0bb91f8fd4e9b698e052b5c -> 4dd62c52601f8c3c48ea409747a05007
  custom:scripting/monoscript/fileName/ScrollingObject.cs: 16943453e0c2bcb257511cf44becd66c -> 
  custom:SearchIndexIgnoredProperties: e643bd26f0fe6173181afceb89e7c659 -> 
  custom:AudioImporter_EditorPlatform: d09bf68614088b80899f8185d706f6e7 -> 
  custom:scripting/monoscript/fileName/SliderValuePass.cs: f67912434870cfb9c8b5d2b2b82b5ea9 -> 
  custom:scripting/monoscript/fileName/ColorSwap_PixelHeroes.cs: e4f3ffa9d01c6b2274ab889ba7f8022f -> 266514542c1fe4a7f0594272375a0c64
  custom:scripting/monoscript/fileName/Priest.cs: 63bdf51eb16c85fb4ceec268abd4849c -> 8fa319870fbafe60897a877d121c69b6
  custom:scripting/monoscript/fileName/CircleSlider.cs: 12893e82713c14acb558c638d2bffedb -> 
  custom:video-encoder-webm-vp8: eb34c28f22e8b96e1ab97ce403110664 -> 
  custom:scripting/monoscript/fileName/Warlock.cs: aba8e0992d9ad9081a2449136549e884 -> 9ea707977e2d88dd3d2f79d3e34ad138
  custom:audio-decoder-ogg-vorbis: bf7c407c2cedff20999df2af8eb42d56 -> 
  custom:scripting/monoscript/fileName/Projectile_Rogue.cs: 7d6c2f56b6551b779fb6a24b27cf833f -> 0b0a96822555a0c06d19c056d57c82ba
  custom:scripting/monoscript/fileName/Blademaster.cs: 550a27ea244f2d8a6f13c70fdcebe4cf -> b00cfa2d9af829c79cab520e81f3453b
  custom:scripting/monoscript/fileName/ItemKeeper.cs: 30b477bec02a7733438243c51263eddd -> 0bae6dc56fb0df6948ec0ca9aaa5e819
  custom:scripting/monoscript/fileName/Sensor_PixelHeroes.cs: a29eb414ec78bcf4b6d1acea8ceb3ab2 -> b7649f6ec16221802477386a7b8c1dc4
  custom:audio-encoder-webm-vorbis: bf7c407c2cedff20999df2af8eb42d56 -> 
  custom:scripting/monoscript/fileName/CharacterSlotManager.cs: 8ab7d4a01623f1420a8ec9d026ef9804 -> c25a344abee377b9a422b7a050dd89fd
  custom:scripting/monoscript/fileName/IntroManager.cs: 7e37df1f844066d8f5935cf5432370da -> 6244ce9ac8cc96096ff6dc346f866a1d
========================================================================
Received Import Request.
  Time since last request: 149216.155382 seconds.
  path: Assets/package/Casual Music Pack/Jingles/Negative 9.wav
  artifactKey: Guid(6e1723e405484c447ac8bf74d6c8c074) Importer(815301076,1909f56bfc062723c751e8b465ee728b)
Start importing Assets/package/Casual Music Pack/Jingles/Negative 9.wav using Guid(6e1723e405484c447ac8bf74d6c8c074) Importer(815301076,1909f56bfc062723c751e8b465ee728b)  -> (artifact id: '4b85c2f52860a6a0b06d4d28bb8d3f8b') in 0.066114 seconds
Number of updated asset objects reloaded before import = 0
Number of asset objects unloaded after import = 2
========================================================================
Received Import Request.
  Time since last request: 0.000029 seconds.
  path: Assets/package/Casual Music Pack/Sound Effects/Countdown (5).wav
  artifactKey: Guid(f8881b92e7de6e744ad0232e96ac2e09) Importer(815301076,1909f56bfc062723c751e8b465ee728b)
Start importing Assets/package/Casual Music Pack/Sound Effects/Countdown (5).wav using Guid(f8881b92e7de6e744ad0232e96ac2e09) Importer(815301076,1909f56bfc062723c751e8b465ee728b)  -> (artifact id: 'cd78454e2baface3e46403910b39b663') in 0.017956 seconds
Number of updated asset objects reloaded before import = 0
Number of asset objects unloaded after import = 2
========================================================================
Received Import Request.
  Time since last request: 0.000016 seconds.
  path: Assets/package/Casual Music Pack/Sound Effects/Pop (6).wav
  artifactKey: Guid(6392820df352197438e486086037e9da) Importer(815301076,1909f56bfc062723c751e8b465ee728b)
Start importing Assets/package/Casual Music Pack/Sound Effects/Pop (6).wav using Guid(6392820df352197438e486086037e9da) Importer(815301076,1909f56bfc062723c751e8b465ee728b)  -> (artifact id: '0964d956bb692f75bd23ca516847caef') in 0.014320 seconds
Number of updated asset objects reloaded before import = 0
Number of asset objects unloaded after import = 2
========================================================================
Received Import Request.
  Time since last request: 0.000017 seconds.
  path: Assets/package/Casual Music Pack/Jingles/Positive 8.wav
  artifactKey: Guid(8f0704be47fad03419c0a6a6c288b1a3) Importer(815301076,1909f56bfc062723c751e8b465ee728b)
Start importing Assets/package/Casual Music Pack/Jingles/Positive 8.wav using Guid(8f0704be47fad03419c0a6a6c288b1a3) Importer(815301076,1909f56bfc062723c751e8b465ee728b)  -> (artifact id: '591e0ffca5a2da0d08323e6f575c05e0') in 0.025421 seconds
Number of updated asset objects reloaded before import = 0
Number of asset objects unloaded after import = 2
========================================================================
Received Import Request.
  Time since last request: 0.000019 seconds.
  path: Assets/package/Casual Music Pack/Sound Effects/Special & Powerup (32).wav
  artifactKey: Guid(cab97af411e39c74887efea414f73b41) Importer(815301076,1909f56bfc062723c751e8b465ee728b)
Start importing Assets/package/Casual Music Pack/Sound Effects/Special & Powerup (32).wav using Guid(cab97af411e39c74887efea414f73b41) Importer(815301076,1909f56bfc062723c751e8b465ee728b)  -> (artifact id: 'e7a2977bf7f3648f8915b6cfde410753') in 0.019651 seconds
Number of updated asset objects reloaded before import = 0
Number of asset objects unloaded after import = 2
========================================================================
Received Import Request.
  Time since last request: 0.000023 seconds.
  path: Assets/package/Casual Music Pack/Music Loops/Casual Game Music 11.wav
  artifactKey: Guid(e18713d5c19d4a84fa2c91618335bcd5) Importer(815301076,1909f56bfc062723c751e8b465ee728b)
Start importing Assets/package/Casual Music Pack/Music Loops/Casual Game Music 11.wav using Guid(e18713d5c19d4a84fa2c91618335bcd5) Importer(815301076,1909f56bfc062723c751e8b465ee728b)  -> (artifact id: '827e7c25b951bc51f9581c83652f475c') in 0.286385 seconds
Number of updated asset objects reloaded before import = 0
Number of asset objects unloaded after import = 2
========================================================================
Received Import Request.
  Time since last request: 0.000016 seconds.
  path: Assets/package/Casual Music Pack/Sound Effects/Special & Powerup (34).wav
  artifactKey: Guid(27157b2c0c4d8064ab1ca89d65d41a05) Importer(815301076,1909f56bfc062723c751e8b465ee728b)
Start importing Assets/package/Casual Music Pack/Sound Effects/Special & Powerup (34).wav using Guid(27157b2c0c4d8064ab1ca89d65d41a05) Importer(815301076,1909f56bfc062723c751e8b465ee728b)  -> (artifact id: '29f753b5608a959231679c07c55e9128') in 0.018174 seconds
Number of updated asset objects reloaded before import = 0
Number of asset objects unloaded after import = 2
========================================================================
Received Import Request.
  Time since last request: 0.000023 seconds.
  path: Assets/package/Casual Music Pack/Music Loops/Casual Game Music 07 - Oriental.wav
  artifactKey: Guid(8e349711e1e8f1f49bd84b2da366b0f3) Importer(815301076,1909f56bfc062723c751e8b465ee728b)
Start importing Assets/package/Casual Music Pack/Music Loops/Casual Game Music 07 - Oriental.wav using Guid(8e349711e1e8f1f49bd84b2da366b0f3) Importer(815301076,1909f56bfc062723c751e8b465ee728b)  -> (artifact id: 'd2a6098722e964f690f87e0088b30f6a') in 0.219693 seconds
Number of updated asset objects reloaded before import = 0
Number of asset objects unloaded after import = 2
========================================================================
Received Import Request.
  Time since last request: 0.000018 seconds.
  path: Assets/package/Casual Music Pack/Jingles/Positive 6.wav
  artifactKey: Guid(c9d9185a5e57b854b9b8553453d24564) Importer(815301076,1909f56bfc062723c751e8b465ee728b)
Start importing Assets/package/Casual Music Pack/Jingles/Positive 6.wav using Guid(c9d9185a5e57b854b9b8553453d24564) Importer(815301076,1909f56bfc062723c751e8b465ee728b)  -> (artifact id: '953d9f48ea842ee471cd1a326c6cd9ed') in 0.027902 seconds
Number of updated asset objects reloaded before import = 0
Number of asset objects unloaded after import = 2
========================================================================
Received Import Request.
  Time since last request: 0.000022 seconds.
  path: Assets/package/Casual Music Pack/Sound Effects/Prize Wheel Spin 2 Tick.wav
  artifactKey: Guid(f02907a651b935447846bd4a747823c3) Importer(815301076,1909f56bfc062723c751e8b465ee728b)
Start importing Assets/package/Casual Music Pack/Sound Effects/Prize Wheel Spin 2 Tick.wav using Guid(f02907a651b935447846bd4a747823c3) Importer(815301076,1909f56bfc062723c751e8b465ee728b)  -> (artifact id: 'f13fe7df8c411d54cb0c4384d9a692c4') in 0.015617 seconds
Number of updated asset objects reloaded before import = 0
Number of asset objects unloaded after import = 2
========================================================================
Received Import Request.
  Time since last request: 0.000016 seconds.
  path: Assets/package/Casual Music Pack/Sound Effects/Special & Powerup (35).wav
  artifactKey: Guid(9f6d18b3b2862c54c88e9b6902fca6f0) Importer(815301076,1909f56bfc062723c751e8b465ee728b)
Start importing Assets/package/Casual Music Pack/Sound Effects/Special & Powerup (35).wav using Guid(9f6d18b3b2862c54c88e9b6902fca6f0) Importer(815301076,1909f56bfc062723c751e8b465ee728b)  -> (artifact id: 'c5f3c33314faf345b4efe87180fa0116') in 0.024066 seconds
Number of updated asset objects reloaded before import = 0
Number of asset objects unloaded after import = 2
========================================================================
Received Import Request.
  Time since last request: 0.000018 seconds.
  path: Assets/package/Casual Music Pack/Music Loops/Casual Game Music 18.wav
  artifactKey: Guid(ca67a5965100eea49a90c3cb256dde18) Importer(815301076,1909f56bfc062723c751e8b465ee728b)
Start importing Assets/package/Casual Music Pack/Music Loops/Casual Game Music 18.wav using Guid(ca67a5965100eea49a90c3cb256dde18) Importer(815301076,1909f56bfc062723c751e8b465ee728b)  -> (artifact id: '090c1a3fcdfadf1b8b60d0deef3dc45f') in 0.276872 seconds
Number of updated asset objects reloaded before import = 0
Number of asset objects unloaded after import = 2
========================================================================
Received Import Request.
  Time since last request: 0.000020 seconds.
  path: Assets/package/Casual Music Pack/Sound Effects/Quick Transition (4).wav
  artifactKey: Guid(7c303f313c0c57e4fb8d005f0ae65ebc) Importer(815301076,1909f56bfc062723c751e8b465ee728b)
Start importing Assets/package/Casual Music Pack/Sound Effects/Quick Transition (4).wav using Guid(7c303f313c0c57e4fb8d005f0ae65ebc) Importer(815301076,1909f56bfc062723c751e8b465ee728b)  -> (artifact id: '82af5a4de8416f7c1c4bae2eae7b1e8e') in 0.015689 seconds
Number of updated asset objects reloaded before import = 0
Number of asset objects unloaded after import = 2
========================================================================
Received Import Request.
  Time since last request: 0.000029 seconds.
  path: Assets/package/Casual Music Pack/Music Loops/Casual Game Music 03.wav
  artifactKey: Guid(595788d8315419643be5ffbd04f10279) Importer(815301076,1909f56bfc062723c751e8b465ee728b)
Start importing Assets/package/Casual Music Pack/Music Loops/Casual Game Music 03.wav using Guid(595788d8315419643be5ffbd04f10279) Importer(815301076,1909f56bfc062723c751e8b465ee728b)  -> (artifact id: 'cf4c0b1a15d020c64aef4b339348ccc9') in 0.311090 seconds
Number of updated asset objects reloaded before import = 0
Number of asset objects unloaded after import = 2
========================================================================
Received Prepare
Begin MonoManager ReloadAssembly
- Loaded All Assemblies, in  0.332 seconds
Refreshing native plugins compatible for Editor in 1.97 ms, found 5 plugins.
Native extension for WindowsStandalone target not found
Native extension for iOS target not found
Native extension for Android target not found
[Package Manager] Server::EnsureServerProcessIsRunning -- launch failed, reason: Unity was launched with the -noUpm command-line argument
[Package Manager] UpmClient::Send -- Unable to send message (not connected to UPM process).
[Package Manager] Cannot connect to Unity Package Manager local server
Mono: successfully reloaded assembly
- Finished resetting the current domain, in  0.589 seconds
Domain Reload Profiling: 920ms
	BeginReloadAssembly (119ms)
		ExecutionOrderSort (0ms)
		DisableScriptedObjects (7ms)
		BackupInstance (0ms)
		ReleaseScriptingObjects (0ms)
		CreateAndSetChildDomain (29ms)
	RebuildCommonClasses (28ms)
	RebuildNativeTypeToScriptingClass (7ms)
	initialDomainReloadingComplete (18ms)
	LoadAllAssembliesAndSetupDomain (159ms)
		LoadAssemblies (206ms)
		RebuildTransferFunctionScriptingTraits (0ms)
		AnalyzeDomain (14ms)
			TypeCache.Refresh (7ms)
				TypeCache.ScanAssembly (0ms)
			ScanForSourceGeneratedMonoScriptInfo (0ms)
			ResolveRequiredComponents (5ms)
	FinalizeReload (589ms)
		ReleaseScriptCaches (0ms)
		RebuildScriptCaches (0ms)
		SetupLoadedEditorAssemblies (302ms)
			LogAssemblyErrors (0ms)
			InitializePlatformSupportModulesInManaged (29ms)
			SetLoadedEditorAssemblies (4ms)
			RefreshPlugins (0ms)
			BeforeProcessingInitializeOnLoad (48ms)
			ProcessInitializeOnLoadAttributes (197ms)
			ProcessInitializeOnLoadMethodAttributes (21ms)
			AfterProcessingInitializeOnLoad (3ms)
			EditorAssembliesLoaded (0ms)
		ExecutionOrderSort2 (0ms)
		AwakeInstancesAfterBackupRestoration (10ms)
Refreshing native plugins compatible for Editor in 2.25 ms, found 5 plugins.
Preloading 0 native plugins for Editor in 0.00 ms.
Unloading 4084 Unused Serialized files (Serialized files now loaded: 0)
Unloading 47 unused Assets / (219.6 KB). Loaded Objects now: 4560.
Memory consumption went from 164.5 MB to 164.3 MB.
Total: 2.898600 ms (FindLiveObjects: 0.290500 ms CreateObjectMapping: 0.124700 ms MarkObjects: 2.291300 ms  DeleteObjects: 0.190900 ms)

Prepare: number of updated asset objects reloaded= 0
AssetImportParameters requested are different than current active one (requested -> active):
  custom:scripting/monoscript/fileName/Alchemist.cs: eef8474b63f91905eaf41739bf3c5072 -> 182ae54d2d2f5a717e099a397bad83ba
  custom:container-demuxer-ogg: 62fdf1f143b41e24485cea50d1cbac27 -> 
  custom:scripting/monoscript/fileName/ServerManager.cs: 09105c06d5edcadce130f72871f6e868 -> 477b443ffd591b9b80b29fb7f48e8918
  custom:scripting/monoscript/fileName/GameManager.cs: f6182d712e34e20e3202214886862cdb -> 9933fbcc6190e2a9171c2ec8808a053e
  custom:scripting/monoscript/fileName/PHPGetServerInfo.cs: cee1c131e7520aed4adb94dfca5fcf1d -> 0576d028e7c79e0cfaa036cdae59c8e1
  custom:video-codec-MediaFoundation-h265: 746d11721c4dcdbdad8f713fa42b33f4 -> 
  custom:scripting/monoscript/fileName/DBController.cs: 835aa35bcc31f5215f9030479b578c5f -> 8a6c56aa21b1245af72473e6439d29b8
  custom:scripting/monoscript/fileName/ServerBtnManager.cs: ecdbdb934e45840a44ddc7186d2c4ff5 -> 
  custom:video-decoder-ogg-theora: a1e56fd34408186e4bbccfd4996cb3dc -> 
  custom:scripting/monoscript/fileName/Barbarian.cs: 06991bdffcd1f5c6acdc3f4a51360a47 -> 89937b1e1d43ea451d0d20a54bafa8a1
  custom:framework-win-MediaFoundation: 216162199b28c13a410421893ffa2e32 -> 
  custom:scripting/monoscript/fileName/Rogue.cs: 2fa4d64265832b9841b08b5076a72c7e -> a8934a011b50cab38862a79d86fe13a3
  custom:scripting/monoscript/fileName/EnemyController.cs: 95cdb6bff3c5e80df3375de5026c231f -> 5b8537652ebdaba4b35050797ce3ce8d
  custom:scripting/monoscript/fileName/StormMage.cs: 5318803ed9e8421082f1b2f84b69e264 -> b5f18c3db5f4071ca5b9e6a80b393e5d
  custom:scripting/monoscript/fileName/PlayerController.cs: 417665ecbc391383b99ee15e672952c9 -> d93a52a180fbbe603a59e9aa6da73c83
  custom:scripting/monoscript/fileName/PHPLogIn.cs: a4e1e3f9e67c8eff3e40e3fdefbf5822 -> 6b516b2c27c727fd11d9dd2409becaa4
  custom:CustomObjectIndexerAttribute: 9a22284fe3817be447336de3de66b15e -> 
  custom:scripting/monoscript/fileName/Scripts.cs: 2abada560274024bf235f99530aa3d0b -> 
  custom:scripting/monoscript/fileName/CharacterSelector_PixelHeroes.cs: ed4e21b0ad1b8205d57253573c596440 -> c9f4ae6961ca104a844443c069acab14
  custom:scripting/monoscript/fileName/Firemage.cs: ed9cd7a1fd67c03eed3726650a17e833 -> 0920a051b17cc5bf2dc7a60e27cabd93
  custom:container-demuxer-webm: 4f35f7cbe854078d1ac9338744f61a02 -> 
  custom:scripting/monoscript/fileName/Mission1.cs: eeceac8fbd244175b7b1b8673327bf5a -> 9b4027609da4ba444d9d4e63a6998188
  custom:scripting/monoscript/fileName/SliderRunTo1.cs: 73c58f101f6e429437bb116db7e05762 -> 
  custom:scripting/monoscript/fileName/Necromancer.cs: 16fcba8c2cf3cb7ea75bacd98afe0f14 -> 86f1a90fc5a182b554f06cf026034568
  custom:scripting/monoscript/fileName/Misssion3.cs: 7337842aeb9cc8b8d3b01d5e4194eea3 -> 530b4bf9a52e881e356eb695cdbdaa0f
  custom:scripting/monoscript/fileName/PHPSelectServer.cs: b977f9aa6a6995b5c4bb8e8c1847d088 -> 418be40fe0cb4655b74f4ea44b412c85
  custom:scripting/monoscript/fileName/JustRotate.cs: ebf81d7fd3895f1b81daf08173d4c810 -> 
  custom:scripting/monoscript/fileName/Misssion2.cs: 501a2934648770e0c87338f256f356b0 -> 91814c463da8aa953c00b4cd886539e5
  custom:scripting/monoscript/fileName/Druid.cs: 5a0d74177fcdfe2037b39e34906e0039 -> 2c3e4eca53f81bf5fcce823b30e9172f
  custom:container-muxer-webm: aa71ff27fc2769a1b78a27578f13a17b -> 
  custom:scripting/monoscript/fileName/MissionController.cs: 8473b4fbe1a4ca3eec2dfb8423bdca9d -> 25e4ed25eb68defa296c7417cc118913
  custom:video-decoder-webm-vp8: 9c59270c3fd7afecdb556c50c9e8de78 -> 
  custom:scripting/monoscript/fileName/BackgoundLoop.cs: 1e9b7603a832b6c99832b025286d304f -> 
  custom:scripting/monoscript/fileName/PHPSelectCharacter.cs: a3a00d07b0bb91f8fd4e9b698e052b5c -> 4dd62c52601f8c3c48ea409747a05007
  custom:scripting/monoscript/fileName/ScrollingObject.cs: 16943453e0c2bcb257511cf44becd66c -> 
  custom:SearchIndexIgnoredProperties: e643bd26f0fe6173181afceb89e7c659 -> 
  custom:AudioImporter_EditorPlatform: d09bf68614088b80899f8185d706f6e7 -> 
  custom:scripting/monoscript/fileName/SliderValuePass.cs: f67912434870cfb9c8b5d2b2b82b5ea9 -> 
  custom:scripting/monoscript/fileName/ColorSwap_PixelHeroes.cs: e4f3ffa9d01c6b2274ab889ba7f8022f -> 266514542c1fe4a7f0594272375a0c64
  custom:scripting/monoscript/fileName/Priest.cs: 63bdf51eb16c85fb4ceec268abd4849c -> 8fa319870fbafe60897a877d121c69b6
  custom:scripting/monoscript/fileName/CircleSlider.cs: 12893e82713c14acb558c638d2bffedb -> 
  custom:video-encoder-webm-vp8: eb34c28f22e8b96e1ab97ce403110664 -> 
  custom:scripting/monoscript/fileName/Warlock.cs: aba8e0992d9ad9081a2449136549e884 -> 9ea707977e2d88dd3d2f79d3e34ad138
  custom:audio-decoder-ogg-vorbis: bf7c407c2cedff20999df2af8eb42d56 -> 
  custom:scripting/monoscript/fileName/Projectile_Rogue.cs: 7d6c2f56b6551b779fb6a24b27cf833f -> 0b0a96822555a0c06d19c056d57c82ba
  custom:scripting/monoscript/fileName/Blademaster.cs: 550a27ea244f2d8a6f13c70fdcebe4cf -> b00cfa2d9af829c79cab520e81f3453b
  custom:scripting/monoscript/fileName/ItemKeeper.cs: 30b477bec02a7733438243c51263eddd -> 0bae6dc56fb0df6948ec0ca9aaa5e819
  custom:scripting/monoscript/fileName/Sensor_PixelHeroes.cs: a29eb414ec78bcf4b6d1acea8ceb3ab2 -> b7649f6ec16221802477386a7b8c1dc4
  custom:audio-encoder-webm-vorbis: bf7c407c2cedff20999df2af8eb42d56 -> 
  custom:scripting/monoscript/fileName/CharacterSlotManager.cs: 8ab7d4a01623f1420a8ec9d026ef9804 -> c25a344abee377b9a422b7a050dd89fd
  custom:scripting/monoscript/fileName/IntroManager.cs: 7e37df1f844066d8f5935cf5432370da -> 6244ce9ac8cc96096ff6dc346f866a1d
Editor requested this worker to shutdown with reason: Scaling down because of idle timeout
TcpMessagingSession - receive error: operation aborted. errorcode: 995, details: 스레드 종료 또는 응용 프로그램 요청 때문에 I/O 작업이 취소되었습니다.
AssetImportWorker is now disconnected from the server
Process exiting
Exiting without the bug reporter. Application will terminate with return code 0